{"meta": {"format": 3, "version": "7.13.1", "timestamp": "2026-01-17T02:23:58.061930", "branch_coverage": false, "show_contexts": false}, "files": {"src/zotero_cli/__init__.py": {"executed_lines": [1], "summary": {"covered_lines": 1, "num_statements": 1, "percent_covered": 100.0, "percent_covered_display": "100", "missing_lines": 0, "excluded_lines": 0, "percent_statements_covered": 100.0, "percent_statements_covered_display": "100"}, "missing_lines": [], "excluded_lines": [], "functions": {"": {"executed_lines": [1], "summary": {"covered_lines": 1, "num_statements": 1, "percent_covered": 100.0, "percent_covered_display": "100", "missing_lines": 0, "excluded_lines": 0, "percent_statements_covered": 100.0, "percent_statements_covered_display": "100"}, "missing_lines": [], "excluded_lines": [], "start_line": 1}}, "classes": {"": {"executed_lines": [1], "summary": {"covered_lines": 1, "num_statements": 1, "percent_covered": 100.0, "percent_covered_display": "100", "missing_lines": 0, "excluded_lines": 0, "percent_statements_covered": 100.0, "percent_statements_covered_display": "100"}, "missing_lines": [], "excluded_lines": [], "start_line": 1}}}, "src/zotero_cli/cli/__init__.py": {"executed_lines": [], "summary": {"covered_lines": 0, "num_statements": 0, "percent_covered": 100.0, "percent_covered_display": "100", "missing_lines": 0, "excluded_lines": 0, "percent_statements_covered": 100.0, "percent_statements_covered_display": "100"}, "missing_lines": [], "excluded_lines": [], "functions": {"": {"executed_lines": [], "summary": {"covered_lines": 0, "num_statements": 0, "percent_covered": 100.0, "percent_covered_display": "100", "missing_lines": 0, "excluded_lines": 0, "percent_statements_covered": 100.0, "percent_statements_covered_display": "100"}, "missing_lines": [], "excluded_lines": [], "start_line": 1}}, "classes": {"": {"executed_lines": [], "summary": {"covered_lines": 0, "num_statements": 0, "percent_covered": 100.0, "percent_covered_display": "100", "missing_lines": 0, "excluded_lines": 0, "percent_statements_covered": 100.0, "percent_statements_covered_display": "100"}, "missing_lines": [], "excluded_lines": [], "start_line": 1}}}, "src/zotero_cli/cli/base.py": {"executed_lines": [1, 2, 3, 6, 12, 13, 14, 18, 19, 20, 24, 25, 29, 30, 35, 36, 38, 39, 41, 42, 43, 45, 46, 48, 50, 51], "summary": {"covered_lines": 26, "num_statements": 31, "percent_covered": 83.87096774193549, "percent_covered_display": "84", "missing_lines": 5, "excluded_lines": 0, "percent_statements_covered": 83.87096774193549, "percent_statements_covered_display": "84"}, "missing_lines": [16, 22, 27, 32, 53], "excluded_lines": [], "functions": {"BaseCommand.name": {"executed_lines": [], "summary": {"covered_lines": 0, "num_statements": 1, "percent_covered": 0.0, "percent_covered_display": "0", "missing_lines": 1, "excluded_lines": 0, "percent_statements_covered": 0.0, "percent_statements_covered_display": "0"}, "missing_lines": [16], "excluded_lines": [], "start_line": 14}, "BaseCommand.help": {"executed_lines": [], "summary": {"covered_lines": 0, "num_statements": 1, "percent_covered": 0.0, "percent_covered_display": "0", "missing_lines": 1, "excluded_lines": 0, "percent_statements_covered": 0.0, "percent_statements_covered_display": "0"}, "missing_lines": [22], "excluded_lines": [], "start_line": 20}, "BaseCommand.register_args": {"executed_lines": [], "summary": {"covered_lines": 0, "num_statements": 1, "percent_covered": 0.0, "percent_covered_display": "0", "missing_lines": 1, "excluded_lines": 0, "percent_statements_covered": 0.0, "percent_statements_covered_display": "0"}, "missing_lines": [27], "excluded_lines": [], "start_line": 25}, "BaseCommand.execute": {"executed_lines": [], "summary": {"covered_lines": 0, "num_statements": 1, "percent_covered": 0.0, "percent_covered_display": "0", "missing_lines": 1, "excluded_lines": 0, "percent_statements_covered": 0.0, "percent_statements_covered_display": "0"}, "missing_lines": [32], "excluded_lines": [], "start_line": 30}, "CommandRegistry.register": {"executed_lines": [41, 42, 43], "summary": {"covered_lines": 3, "num_statements": 3, "percent_covered": 100.0, "percent_covered_display": "100", "missing_lines": 0, "excluded_lines": 0, "percent_statements_covered": 100.0, "percent_statements_covered_display": "100"}, "missing_lines": [], "excluded_lines": [], "start_line": 39}, "CommandRegistry.get_commands": {"executed_lines": [48], "summary": {"covered_lines": 1, "num_statements": 1, "percent_covered": 100.0, "percent_covered_display": "100", "missing_lines": 0, "excluded_lines": 0, "percent_statements_covered": 100.0, "percent_statements_covered_display": "100"}, "missing_lines": [], "excluded_lines": [], "start_line": 46}, "CommandRegistry.get_command": {"executed_lines": [], "summary": {"covered_lines": 0, "num_statements": 1, "percent_covered": 0.0, "percent_covered_display": "0", "missing_lines": 1, "excluded_lines": 0, "percent_statements_covered": 0.0, "percent_statements_covered_display": "0"}, "missing_lines": [53], "excluded_lines": [], "start_line": 51}, "": {"executed_lines": [1, 2, 3, 6, 12, 13, 14, 18, 19, 20, 24, 25, 29, 30, 35, 36, 38, 39, 45, 46, 50, 51], "summary": {"covered_lines": 22, "num_statements": 22, "percent_covered": 100.0, "percent_covered_display": "100", "missing_lines": 0, "excluded_lines": 0, "percent_statements_covered": 100.0, "percent_statements_covered_display": "100"}, "missing_lines": [], "excluded_lines": [], "start_line": 1}}, "classes": {"BaseCommand": {"executed_lines": [], "summary": {"covered_lines": 0, "num_statements": 4, "percent_covered": 0.0, "percent_covered_display": "0", "missing_lines": 4, "excluded_lines": 0, "percent_statements_covered": 0.0, "percent_statements_covered_display": "0"}, "missing_lines": [16, 22, 27, 32], "excluded_lines": [], "start_line": 6}, "CommandRegistry": {"executed_lines": [41, 42, 43, 48], "summary": {"covered_lines": 4, "num_statements": 5, "percent_covered": 80.0, "percent_covered_display": "80", "missing_lines": 1, "excluded_lines": 0, "percent_statements_covered": 80.0, "percent_statements_covered_display": "80"}, "missing_lines": [53], "excluded_lines": [], "start_line": 35}, "": {"executed_lines": [1, 2, 3, 6, 12, 13, 14, 18, 19, 20, 24, 25, 29, 30, 35, 36, 38, 39, 45, 46, 50, 51], "summary": {"covered_lines": 22, "num_statements": 22, "percent_covered": 100.0, "percent_covered_display": "100", "missing_lines": 0, "excluded_lines": 0, "percent_statements_covered": 100.0, "percent_statements_covered_display": "100"}, "missing_lines": [], "excluded_lines": [], "start_line": 1}}}, "src/zotero_cli/cli/commands/__init__.py": {"executed_lines": [1, 2, 3, 4, 5, 6, 7, 8, 9, 11], "summary": {"covered_lines": 10, "num_statements": 10, "percent_covered": 100.0, "percent_covered_display": "100", "missing_lines": 0, "excluded_lines": 0, "percent_statements_covered": 100.0, "percent_statements_covered_display": "100"}, "missing_lines": [], "excluded_lines": [], "functions": {"": {"executed_lines": [1, 2, 3, 4, 5, 6, 7, 8, 9, 11], "summary": {"covered_lines": 10, "num_statements": 10, "percent_covered": 100.0, "percent_covered_display": "100", "missing_lines": 0, "excluded_lines": 0, "percent_statements_covered": 100.0, "percent_statements_covered_display": "100"}, "missing_lines": [], "excluded_lines": [], "start_line": 1}}, "classes": {"": {"executed_lines": [1, 2, 3, 4, 5, 6, 7, 8, 9, 11], "summary": {"covered_lines": 10, "num_statements": 10, "percent_covered": 100.0, "percent_covered_display": "100", "missing_lines": 0, "excluded_lines": 0, "percent_statements_covered": 100.0, "percent_statements_covered_display": "100"}, "missing_lines": [], "excluded_lines": [], "start_line": 1}}}, "src/zotero_cli/cli/commands/analyze_cmd.py": {"executed_lines": [1, 2, 4, 5, 7, 8, 9, 10, 12, 15, 16, 17, 18, 20, 21, 24, 25, 28, 29, 30, 31, 32, 35, 36, 39, 40, 41, 43, 44, 46, 48, 49, 50, 51, 52, 53, 57, 82, 83, 84, 86, 90, 91, 92, 94, 95, 96, 97, 101, 102, 103, 105, 106, 108, 109, 110, 111, 112], "summary": {"covered_lines": 58, "num_statements": 83, "percent_covered": 69.87951807228916, "percent_covered_display": "70", "missing_lines": 25, "excluded_lines": 0, "percent_statements_covered": 69.87951807228916, "percent_statements_covered_display": "70"}, "missing_lines": [54, 55, 58, 59, 60, 61, 62, 63, 64, 66, 68, 69, 70, 72, 73, 74, 75, 76, 78, 79, 80, 87, 88, 98, 99], "excluded_lines": [], "functions": {"AnalyzeCommand.register_args": {"executed_lines": [21, 24, 25, 28, 29, 30, 31, 32, 35, 36, 39, 40, 41], "summary": {"covered_lines": 13, "num_statements": 13, "percent_covered": 100.0, "percent_covered_display": "100", "missing_lines": 0, "excluded_lines": 0, "percent_statements_covered": 100.0, "percent_statements_covered_display": "100"}, "missing_lines": [], "excluded_lines": [], "start_line": 20}, "AnalyzeCommand.execute": {"executed_lines": [44, 46, 48, 49, 50, 51, 52, 53], "summary": {"covered_lines": 8, "num_statements": 10, "percent_covered": 80.0, "percent_covered_display": "80", "missing_lines": 2, "excluded_lines": 0, "percent_statements_covered": 80.0, "percent_statements_covered_display": "80"}, "missing_lines": [54, 55], "excluded_lines": [], "start_line": 43}, "AnalyzeCommand._handle_shift": {"executed_lines": [], "summary": {"covered_lines": 0, "num_statements": 19, "percent_covered": 0.0, "percent_covered_display": "0", "missing_lines": 19, "excluded_lines": 0, "percent_statements_covered": 0.0, "percent_statements_covered_display": "0"}, "missing_lines": [58, 59, 60, 61, 62, 63, 64, 66, 68, 69, 70, 72, 73, 74, 75, 76, 78, 79, 80], "excluded_lines": [], "start_line": 57}, "AnalyzeCommand._handle_audit": {"executed_lines": [83, 84, 86, 90, 91, 92], "summary": {"covered_lines": 6, "num_statements": 8, "percent_covered": 75.0, "percent_covered_display": "75", "missing_lines": 2, "excluded_lines": 0, "percent_statements_covered": 75.0, "percent_statements_covered_display": "75"}, "missing_lines": [87, 88], "excluded_lines": [], "start_line": 82}, "AnalyzeCommand._handle_lookup": {"executed_lines": [95, 96, 97, 101, 102, 103], "summary": {"covered_lines": 6, "num_statements": 8, "percent_covered": 75.0, "percent_covered_display": "75", "missing_lines": 2, "excluded_lines": 0, "percent_statements_covered": 75.0, "percent_statements_covered_display": "75"}, "missing_lines": [98, 99], "excluded_lines": [], "start_line": 94}, "AnalyzeCommand._handle_graph": {"executed_lines": [106, 108, 109, 110, 111, 112], "summary": {"covered_lines": 6, "num_statements": 6, "percent_covered": 100.0, "percent_covered_display": "100", "missing_lines": 0, "excluded_lines": 0, "percent_statements_covered": 100.0, "percent_statements_covered_display": "100"}, "missing_lines": [], "excluded_lines": [], "start_line": 105}, "": {"executed_lines": [1, 2, 4, 5, 7, 8, 9, 10, 12, 15, 16, 17, 18, 20, 43, 57, 82, 94, 105], "summary": {"covered_lines": 19, "num_statements": 19, "percent_covered": 100.0, "percent_covered_display": "100", "missing_lines": 0, "excluded_lines": 0, "percent_statements_covered": 100.0, "percent_statements_covered_display": "100"}, "missing_lines": [], "excluded_lines": [], "start_line": 1}}, "classes": {"AnalyzeCommand": {"executed_lines": [21, 24, 25, 28, 29, 30, 31, 32, 35, 36, 39, 40, 41, 44, 46, 48, 49, 50, 51, 52, 53, 83, 84, 86, 90, 91, 92, 95, 96, 97, 101, 102, 103, 106, 108, 109, 110, 111, 112], "summary": {"covered_lines": 39, "num_statements": 64, "percent_covered": 60.9375, "percent_covered_display": "61", "missing_lines": 25, "excluded_lines": 0, "percent_statements_covered": 60.9375, "percent_statements_covered_display": "61"}, "missing_lines": [54, 55, 58, 59, 60, 61, 62, 63, 64, 66, 68, 69, 70, 72, 73, 74, 75, 76, 78, 79, 80, 87, 88, 98, 99], "excluded_lines": [], "start_line": 16}, "": {"executed_lines": [1, 2, 4, 5, 7, 8, 9, 10, 12, 15, 16, 17, 18, 20, 43, 57, 82, 94, 105], "summary": {"covered_lines": 19, "num_statements": 19, "percent_covered": 100.0, "percent_covered_display": "100", "missing_lines": 0, "excluded_lines": 0, "percent_statements_covered": 100.0, "percent_statements_covered_display": "100"}, "missing_lines": [], "excluded_lines": [], "start_line": 1}}}, "src/zotero_cli/cli/commands/collection_cmd.py": {"executed_lines": [1, 2, 4, 5, 7, 8, 9, 10, 11, 13, 16, 17, 18, 19, 21, 22, 25, 28, 29, 30, 33, 34, 35, 38, 43, 44, 45, 46, 49, 52, 53, 56, 57, 62, 63, 65, 68, 70, 71, 72, 75, 76, 77, 79, 80, 81, 83, 86, 96, 125, 126, 127, 128, 129, 130, 134, 135, 136, 137, 138, 140, 141, 142, 146, 147, 148, 149, 151, 152, 153, 154, 155, 157, 158, 160, 161, 162, 163, 172], "summary": {"covered_lines": 79, "num_statements": 129, "percent_covered": 61.24031007751938, "percent_covered_display": "61", "missing_lines": 50, "excluded_lines": 0, "percent_statements_covered": 61.24031007751938, "percent_statements_covered_display": "61"}, "missing_lines": [84, 85, 87, 88, 89, 91, 92, 93, 95, 98, 99, 100, 102, 103, 104, 105, 106, 107, 108, 110, 111, 112, 116, 117, 119, 121, 122, 124, 131, 132, 143, 144, 145, 164, 165, 166, 167, 168, 169, 170, 174, 175, 176, 178, 179, 180, 181, 182, 183, 184], "excluded_lines": [], "functions": {"CollectionCommand.register_args": {"executed_lines": [22, 25, 28, 29, 30, 33, 34, 35, 38, 43, 44, 45, 46, 49, 52, 53, 56, 57, 62, 63, 65, 68, 70, 71, 72, 75, 76, 77], "summary": {"covered_lines": 28, "num_statements": 28, "percent_covered": 100.0, "percent_covered_display": "100", "missing_lines": 0, "excluded_lines": 0, "percent_statements_covered": 100.0, "percent_statements_covered_display": "100"}, "missing_lines": [], "excluded_lines": [], "start_line": 21}, "CollectionCommand.execute": {"executed_lines": [80, 81, 83, 86, 96, 125, 126, 127, 128, 129, 130], "summary": {"covered_lines": 11, "num_statements": 41, "percent_covered": 26.829268292682926, "percent_covered_display": "27", "missing_lines": 30, "excluded_lines": 0, "percent_statements_covered": 26.829268292682926, "percent_statements_covered_display": "27"}, "missing_lines": [84, 85, 87, 88, 89, 91, 92, 93, 95, 98, 99, 100, 102, 103, 104, 105, 106, 107, 108, 110, 111, 112, 116, 117, 119, 121, 122, 124, 131, 132], "excluded_lines": [], "start_line": 79}, "CollectionCommand._handle_clean": {"executed_lines": [135, 136, 137, 138], "summary": {"covered_lines": 4, "num_statements": 4, "percent_covered": 100.0, "percent_covered_display": "100", "missing_lines": 0, "excluded_lines": 0, "percent_statements_covered": 100.0, "percent_statements_covered_display": "100"}, "missing_lines": [], "excluded_lines": [], "start_line": 134}, "CollectionCommand._handle_pdf": {"executed_lines": [141, 142, 146, 147, 148, 149], "summary": {"covered_lines": 6, "num_statements": 9, "percent_covered": 66.66666666666667, "percent_covered_display": "67", "missing_lines": 3, "excluded_lines": 0, "percent_statements_covered": 66.66666666666667, "percent_statements_covered_display": "67"}, "missing_lines": [143, 144, 145], "excluded_lines": [], "start_line": 140}, "CollectionCommand._handle_duplicates": {"executed_lines": [152, 153, 154, 155, 157, 158, 160, 161, 162, 163], "summary": {"covered_lines": 10, "num_statements": 17, "percent_covered": 58.8235294117647, "percent_covered_display": "59", "missing_lines": 7, "excluded_lines": 0, "percent_statements_covered": 58.8235294117647, "percent_statements_covered_display": "59"}, "missing_lines": [164, 165, 166, 167, 168, 169, 170], "excluded_lines": [], "start_line": 151}, "CollectionCommand._handle_backup": {"executed_lines": [], "summary": {"covered_lines": 0, "num_statements": 10, "percent_covered": 0.0, "percent_covered_display": "0", "missing_lines": 10, "excluded_lines": 0, "percent_statements_covered": 0.0, "percent_statements_covered_display": "0"}, "missing_lines": [174, 175, 176, 178, 179, 180, 181, 182, 183, 184], "excluded_lines": [], "start_line": 172}, "": {"executed_lines": [1, 2, 4, 5, 7, 8, 9, 10, 11, 13, 16, 17, 18, 19, 21, 79, 134, 140, 151, 172], "summary": {"covered_lines": 20, "num_statements": 20, "percent_covered": 100.0, "percent_covered_display": "100", "missing_lines": 0, "excluded_lines": 0, "percent_statements_covered": 100.0, "percent_statements_covered_display": "100"}, "missing_lines": [], "excluded_lines": [], "start_line": 1}}, "classes": {"CollectionCommand": {"executed_lines": [22, 25, 28, 29, 30, 33, 34, 35, 38, 43, 44, 45, 46, 49, 52, 53, 56, 57, 62, 63, 65, 68, 70, 71, 72, 75, 76, 77, 80, 81, 83, 86, 96, 125, 126, 127, 128, 129, 130, 135, 136, 137, 138, 141, 142, 146, 147, 148, 149, 152, 153, 154, 155, 157, 158, 160, 161, 162, 163], "summary": {"covered_lines": 59, "num_statements": 109, "percent_covered": 54.12844036697248, "percent_covered_display": "54", "missing_lines": 50, "excluded_lines": 0, "percent_statements_covered": 54.12844036697248, "percent_statements_covered_display": "54"}, "missing_lines": [84, 85, 87, 88, 89, 91, 92, 93, 95, 98, 99, 100, 102, 103, 104, 105, 106, 107, 108, 110, 111, 112, 116, 117, 119, 121, 122, 124, 131, 132, 143, 144, 145, 164, 165, 166, 167, 168, 169, 170, 174, 175, 176, 178, 179, 180, 181, 182, 183, 184], "excluded_lines": [], "start_line": 17}, "": {"executed_lines": [1, 2, 4, 5, 7, 8, 9, 10, 11, 13, 16, 17, 18, 19, 21, 79, 134, 140, 151, 172], "summary": {"covered_lines": 20, "num_statements": 20, "percent_covered": 100.0, "percent_covered_display": "100", "missing_lines": 0, "excluded_lines": 0, "percent_statements_covered": 100.0, "percent_statements_covered_display": "100"}, "missing_lines": [], "excluded_lines": [], "start_line": 1}}}, "src/zotero_cli/cli/commands/import_cmd.py": {"executed_lines": [1, 2, 4, 5, 6, 9, 10, 11, 12, 14, 15, 18, 19, 20, 21, 24, 25, 26, 27, 28, 29, 32, 33, 34, 35, 36, 38, 39, 41, 42, 43, 44, 45, 46, 48, 49, 58, 59, 61, 62, 63, 65, 67, 68, 69, 71, 72, 85, 86, 87, 89, 90, 92, 93, 98, 102, 104, 105, 106, 107, 109, 110, 112, 113, 114], "summary": {"covered_lines": 65, "num_statements": 77, "percent_covered": 84.41558441558442, "percent_covered_display": "84", "missing_lines": 12, "excluded_lines": 0, "percent_statements_covered": 84.41558441558442, "percent_statements_covered_display": "84"}, "missing_lines": [64, 70, 73, 75, 79, 80, 82, 83, 94, 95, 99, 100], "excluded_lines": [], "functions": {"ImportCommand.register_args": {"executed_lines": [15, 18, 19, 20, 21, 24, 25, 26, 27, 28, 29, 32, 33, 34, 35, 36], "summary": {"covered_lines": 16, "num_statements": 16, "percent_covered": 100.0, "percent_covered_display": "100", "missing_lines": 0, "excluded_lines": 0, "percent_statements_covered": 100.0, "percent_statements_covered_display": "100"}, "missing_lines": [], "excluded_lines": [], "start_line": 14}, "ImportCommand.execute": {"executed_lines": [39, 41, 42, 43, 44, 45, 46], "summary": {"covered_lines": 7, "num_statements": 7, "percent_covered": 100.0, "percent_covered_display": "100", "missing_lines": 0, "excluded_lines": 0, "percent_statements_covered": 100.0, "percent_statements_covered_display": "100"}, "missing_lines": [], "excluded_lines": [], "start_line": 38}, "ImportCommand._handle_file": {"executed_lines": [49, 58, 59, 61, 62, 63, 65, 67, 68, 69, 71, 72, 85, 86, 87], "summary": {"covered_lines": 15, "num_statements": 23, "percent_covered": 65.21739130434783, "percent_covered_display": "65", "missing_lines": 8, "excluded_lines": 0, "percent_statements_covered": 65.21739130434783, "percent_statements_covered_display": "65"}, "missing_lines": [64, 70, 73, 75, 79, 80, 82, 83], "excluded_lines": [], "start_line": 48}, "ImportCommand._handle_arxiv": {"executed_lines": [90, 92, 93, 98, 102, 104, 105, 106, 107], "summary": {"covered_lines": 9, "num_statements": 13, "percent_covered": 69.23076923076923, "percent_covered_display": "69", "missing_lines": 4, "excluded_lines": 0, "percent_statements_covered": 69.23076923076923, "percent_statements_covered_display": "69"}, "missing_lines": [94, 95, 99, 100], "excluded_lines": [], "start_line": 89}, "ImportCommand._handle_manual": {"executed_lines": [110, 112, 113, 114], "summary": {"covered_lines": 4, "num_statements": 4, "percent_covered": 100.0, "percent_covered_display": "100", "missing_lines": 0, "excluded_lines": 0, "percent_statements_covered": 100.0, "percent_statements_covered_display": "100"}, "missing_lines": [], "excluded_lines": [], "start_line": 109}, "": {"executed_lines": [1, 2, 4, 5, 6, 9, 10, 11, 12, 14, 38, 48, 89, 109], "summary": {"covered_lines": 14, "num_statements": 14, "percent_covered": 100.0, "percent_covered_display": "100", "missing_lines": 0, "excluded_lines": 0, "percent_statements_covered": 100.0, "percent_statements_covered_display": "100"}, "missing_lines": [], "excluded_lines": [], "start_line": 1}}, "classes": {"ImportCommand": {"executed_lines": [15, 18, 19, 20, 21, 24, 25, 26, 27, 28, 29, 32, 33, 34, 35, 36, 39, 41, 42, 43, 44, 45, 46, 49, 58, 59, 61, 62, 63, 65, 67, 68, 69, 71, 72, 85, 86, 87, 90, 92, 93, 98, 102, 104, 105, 106, 107, 110, 112, 113, 114], "summary": {"covered_lines": 51, "num_statements": 63, "percent_covered": 80.95238095238095, "percent_covered_display": "81", "missing_lines": 12, "excluded_lines": 0, "percent_statements_covered": 80.95238095238095, "percent_statements_covered_display": "81"}, "missing_lines": [64, 70, 73, 75, 79, 80, 82, 83, 94, 95, 99, 100], "excluded_lines": [], "start_line": 10}, "": {"executed_lines": [1, 2, 4, 5, 6, 9, 10, 11, 12, 14, 38, 48, 89, 109], "summary": {"covered_lines": 14, "num_statements": 14, "percent_covered": 100.0, "percent_covered_display": "100", "missing_lines": 0, "excluded_lines": 0, "percent_statements_covered": 100.0, "percent_statements_covered_display": "100"}, "missing_lines": [], "excluded_lines": [], "start_line": 1}}}, "src/zotero_cli/cli/commands/item_cmd.py": {"executed_lines": [1, 3, 4, 6, 7, 8, 10, 13, 14, 15, 17, 18, 19, 20, 24, 71, 72, 73, 74, 76, 77, 80, 81, 84, 85, 86, 87, 90, 91, 92, 93, 96, 97, 98, 99, 100, 101, 102, 107, 108, 110, 111, 112, 114, 115, 116, 118, 119, 120, 122, 123, 124, 126, 128, 129, 141, 157, 175, 189, 220, 221, 222, 223, 224], "summary": {"covered_lines": 64, "num_statements": 158, "percent_covered": 40.50632911392405, "percent_covered_display": "41", "missing_lines": 94, "excluded_lines": 0, "percent_statements_covered": 40.50632911392405, "percent_statements_covered_display": "41"}, "missing_lines": [25, 27, 29, 30, 31, 32, 34, 35, 36, 38, 52, 53, 54, 55, 56, 57, 58, 59, 60, 61, 62, 64, 65, 67, 68, 127, 130, 132, 133, 134, 135, 136, 137, 138, 139, 142, 143, 144, 145, 146, 148, 149, 150, 151, 152, 153, 154, 155, 158, 159, 161, 162, 163, 164, 166, 167, 169, 170, 171, 173, 176, 177, 178, 179, 180, 181, 182, 184, 185, 187, 190, 192, 193, 194, 196, 197, 198, 199, 200, 201, 203, 204, 205, 207, 208, 209, 210, 211, 212, 213, 215, 216, 218, 226], "excluded_lines": [], "functions": {"InspectCommand.register_args": {"executed_lines": [18, 19, 20], "summary": {"covered_lines": 3, "num_statements": 3, "percent_covered": 100.0, "percent_covered_display": "100", "missing_lines": 0, "excluded_lines": 0, "percent_statements_covered": 100.0, "percent_statements_covered_display": "100"}, "missing_lines": [], "excluded_lines": [], "start_line": 17}, "InspectCommand.execute": {"executed_lines": [], "summary": {"covered_lines": 0, "num_statements": 25, "percent_covered": 0.0, "percent_covered_display": "0", "missing_lines": 25, "excluded_lines": 0, "percent_statements_covered": 0.0, "percent_statements_covered_display": "0"}, "missing_lines": [25, 27, 29, 30, 31, 32, 34, 35, 36, 38, 52, 53, 54, 55, 56, 57, 58, 59, 60, 61, 62, 64, 65, 67, 68], "excluded_lines": [], "start_line": 24}, "ItemCommand.register_args": {"executed_lines": [77, 80, 81, 84, 85, 86, 87, 90, 91, 92, 93, 96, 97, 98, 99, 100, 101, 102, 107, 108, 110, 111, 112, 114, 115, 116, 118, 119, 120], "summary": {"covered_lines": 29, "num_statements": 29, "percent_covered": 100.0, "percent_covered_display": "100", "missing_lines": 0, "excluded_lines": 0, "percent_statements_covered": 100.0, "percent_statements_covered_display": "100"}, "missing_lines": [], "excluded_lines": [], "start_line": 76}, "ItemCommand.execute": {"executed_lines": [123, 124, 126, 128, 129], "summary": {"covered_lines": 5, "num_statements": 15, "percent_covered": 33.333333333333336, "percent_covered_display": "33", "missing_lines": 10, "excluded_lines": 0, "percent_statements_covered": 33.333333333333336, "percent_statements_covered_display": "33"}, "missing_lines": [127, 130, 132, 133, 134, 135, 136, 137, 138, 139], "excluded_lines": [], "start_line": 122}, "ItemCommand._handle_pdf_ops": {"executed_lines": [], "summary": {"covered_lines": 0, "num_statements": 13, "percent_covered": 0.0, "percent_covered_display": "0", "missing_lines": 13, "excluded_lines": 0, "percent_statements_covered": 0.0, "percent_statements_covered_display": "0"}, "missing_lines": [142, 143, 144, 145, 146, 148, 149, 150, 151, 152, 153, 154, 155], "excluded_lines": [], "start_line": 141}, "ItemCommand._handle_pdf_attach": {"executed_lines": [], "summary": {"covered_lines": 0, "num_statements": 12, "percent_covered": 0.0, "percent_covered_display": "0", "missing_lines": 12, "excluded_lines": 0, "percent_statements_covered": 0.0, "percent_statements_covered_display": "0"}, "missing_lines": [158, 159, 161, 162, 163, 164, 166, 167, 169, 170, 171, 173], "excluded_lines": [], "start_line": 157}, "ItemCommand._handle_delete": {"executed_lines": [], "summary": {"covered_lines": 0, "num_statements": 10, "percent_covered": 0.0, "percent_covered_display": "0", "missing_lines": 10, "excluded_lines": 0, "percent_statements_covered": 0.0, "percent_statements_covered_display": "0"}, "missing_lines": [176, 177, 178, 179, 180, 181, 182, 184, 185, 187], "excluded_lines": [], "start_line": 175}, "ItemCommand._handle_update": {"executed_lines": [], "summary": {"covered_lines": 0, "num_statements": 23, "percent_covered": 0.0, "percent_covered_display": "0", "missing_lines": 23, "excluded_lines": 0, "percent_statements_covered": 0.0, "percent_statements_covered_display": "0"}, "missing_lines": [190, 192, 193, 194, 196, 197, 198, 199, 200, 201, 203, 204, 205, 207, 208, 209, 210, 211, 212, 213, 215, 216, 218], "excluded_lines": [], "start_line": 189}, "ItemCommand._handle_move": {"executed_lines": [221, 222, 223, 224], "summary": {"covered_lines": 4, "num_statements": 5, "percent_covered": 80.0, "percent_covered_display": "80", "missing_lines": 1, "excluded_lines": 0, "percent_statements_covered": 80.0, "percent_statements_covered_display": "80"}, "missing_lines": [226], "excluded_lines": [], "start_line": 220}, "": {"executed_lines": [1, 3, 4, 6, 7, 8, 10, 13, 14, 15, 17, 24, 71, 72, 73, 74, 76, 122, 141, 157, 175, 189, 220], "summary": {"covered_lines": 23, "num_statements": 23, "percent_covered": 100.0, "percent_covered_display": "100", "missing_lines": 0, "excluded_lines": 0, "percent_statements_covered": 100.0, "percent_statements_covered_display": "100"}, "missing_lines": [], "excluded_lines": [], "start_line": 1}}, "classes": {"InspectCommand": {"executed_lines": [18, 19, 20], "summary": {"covered_lines": 3, "num_statements": 28, "percent_covered": 10.714285714285714, "percent_covered_display": "11", "missing_lines": 25, "excluded_lines": 0, "percent_statements_covered": 10.714285714285714, "percent_statements_covered_display": "11"}, "missing_lines": [25, 27, 29, 30, 31, 32, 34, 35, 36, 38, 52, 53, 54, 55, 56, 57, 58, 59, 60, 61, 62, 64, 65, 67, 68], "excluded_lines": [], "start_line": 13}, "ItemCommand": {"executed_lines": [77, 80, 81, 84, 85, 86, 87, 90, 91, 92, 93, 96, 97, 98, 99, 100, 101, 102, 107, 108, 110, 111, 112, 114, 115, 116, 118, 119, 120, 123, 124, 126, 128, 129, 221, 222, 223, 224], "summary": {"covered_lines": 38, "num_statements": 107, "percent_covered": 35.51401869158879, "percent_covered_display": "36", "missing_lines": 69, "excluded_lines": 0, "percent_statements_covered": 35.51401869158879, "percent_statements_covered_display": "36"}, "missing_lines": [127, 130, 132, 133, 134, 135, 136, 137, 138, 139, 142, 143, 144, 145, 146, 148, 149, 150, 151, 152, 153, 154, 155, 158, 159, 161, 162, 163, 164, 166, 167, 169, 170, 171, 173, 176, 177, 178, 179, 180, 181, 182, 184, 185, 187, 190, 192, 193, 194, 196, 197, 198, 199, 200, 201, 203, 204, 205, 207, 208, 209, 210, 211, 212, 213, 215, 216, 218, 226], "excluded_lines": [], "start_line": 72}, "": {"executed_lines": [1, 3, 4, 6, 7, 8, 10, 13, 14, 15, 17, 24, 71, 72, 73, 74, 76, 122, 141, 157, 175, 189, 220], "summary": {"covered_lines": 23, "num_statements": 23, "percent_covered": 100.0, "percent_covered_display": "100", "missing_lines": 0, "excluded_lines": 0, "percent_statements_covered": 100.0, "percent_statements_covered_display": "100"}, "missing_lines": [], "excluded_lines": [], "start_line": 1}}}, "src/zotero_cli/cli/commands/list_cmd.py": {"executed_lines": [1, 3, 4, 6, 8, 11, 12, 13, 14, 16, 17, 20, 23, 26, 27, 28, 29, 31, 32, 34, 36, 37, 38, 39, 40, 41, 43, 44, 45, 46, 47, 48, 49, 50, 51, 53, 54, 56, 57, 61, 62, 63, 64, 65, 66, 67, 68, 69, 70, 71, 73, 74, 78, 81, 82, 83, 85, 88, 90, 91, 92, 93, 94, 95, 96, 97], "summary": {"covered_lines": 66, "num_statements": 72, "percent_covered": 91.66666666666667, "percent_covered_display": "92", "missing_lines": 6, "excluded_lines": 0, "percent_statements_covered": 91.66666666666667, "percent_statements_covered_display": "92"}, "missing_lines": [58, 59, 75, 76, 79, 80], "excluded_lines": [], "functions": {"ListCommand.register_args": {"executed_lines": [17, 20, 23, 26, 27, 28, 29], "summary": {"covered_lines": 7, "num_statements": 7, "percent_covered": 100.0, "percent_covered_display": "100", "missing_lines": 0, "excluded_lines": 0, "percent_statements_covered": 100.0, "percent_statements_covered_display": "100"}, "missing_lines": [], "excluded_lines": [], "start_line": 16}, "ListCommand.execute": {"executed_lines": [32, 34, 36, 37, 38, 39, 40, 41], "summary": {"covered_lines": 8, "num_statements": 8, "percent_covered": 100.0, "percent_covered_display": "100", "missing_lines": 0, "excluded_lines": 0, "percent_statements_covered": 100.0, "percent_statements_covered_display": "100"}, "missing_lines": [], "excluded_lines": [], "start_line": 31}, "ListCommand._handle_collections": {"executed_lines": [44, 45, 46, 47, 48, 49, 50, 51], "summary": {"covered_lines": 8, "num_statements": 8, "percent_covered": 100.0, "percent_covered_display": "100", "missing_lines": 0, "excluded_lines": 0, "percent_statements_covered": 100.0, "percent_statements_covered_display": "100"}, "missing_lines": [], "excluded_lines": [], "start_line": 43}, "ListCommand._handle_groups": {"executed_lines": [54, 56, 57, 61, 62, 63, 64, 65, 66, 67, 68, 69, 70, 71], "summary": {"covered_lines": 14, "num_statements": 16, "percent_covered": 87.5, "percent_covered_display": "88", "missing_lines": 2, "excluded_lines": 0, "percent_statements_covered": 87.5, "percent_statements_covered_display": "88"}, "missing_lines": [58, 59], "excluded_lines": [], "start_line": 53}, "ListCommand._handle_items": {"executed_lines": [74, 78, 81, 82, 83, 85, 88, 90, 91, 92, 93, 94, 95, 96, 97], "summary": {"covered_lines": 15, "num_statements": 19, "percent_covered": 78.94736842105263, "percent_covered_display": "79", "missing_lines": 4, "excluded_lines": 0, "percent_statements_covered": 78.94736842105263, "percent_statements_covered_display": "79"}, "missing_lines": [75, 76, 79, 80], "excluded_lines": [], "start_line": 73}, "": {"executed_lines": [1, 3, 4, 6, 8, 11, 12, 13, 14, 16, 31, 43, 53, 73], "summary": {"covered_lines": 14, "num_statements": 14, "percent_covered": 100.0, "percent_covered_display": "100", "missing_lines": 0, "excluded_lines": 0, "percent_statements_covered": 100.0, "percent_statements_covered_display": "100"}, "missing_lines": [], "excluded_lines": [], "start_line": 1}}, "classes": {"ListCommand": {"executed_lines": [17, 20, 23, 26, 27, 28, 29, 32, 34, 36, 37, 38, 39, 40, 41, 44, 45, 46, 47, 48, 49, 50, 51, 54, 56, 57, 61, 62, 63, 64, 65, 66, 67, 68, 69, 70, 71, 74, 78, 81, 82, 83, 85, 88, 90, 91, 92, 93, 94, 95, 96, 97], "summary": {"covered_lines": 52, "num_statements": 58, "percent_covered": 89.65517241379311, "percent_covered_display": "90", "missing_lines": 6, "excluded_lines": 0, "percent_statements_covered": 89.65517241379311, "percent_statements_covered_display": "90"}, "missing_lines": [58, 59, 75, 76, 79, 80], "excluded_lines": [], "start_line": 12}, "": {"executed_lines": [1, 3, 4, 6, 8, 11, 12, 13, 14, 16, 31, 43, 53, 73], "summary": {"covered_lines": 14, "num_statements": 14, "percent_covered": 100.0, "percent_covered_display": "100", "missing_lines": 0, "excluded_lines": 0, "percent_statements_covered": 100.0, "percent_statements_covered_display": "100"}, "missing_lines": [], "excluded_lines": [], "start_line": 1}}}, "src/zotero_cli/cli/commands/report_cmd.py": {"executed_lines": [1, 2, 4, 5, 6, 8, 9, 10, 12, 15, 16, 17, 18, 20, 21, 24, 25, 26, 27, 30, 31, 32, 35, 36, 37, 40, 41, 42, 44, 45, 47, 49, 50, 51, 52, 53, 54, 55, 56, 58, 59, 60, 61, 63, 67, 75, 77, 87, 94, 95, 97, 102, 103, 104, 105, 106, 110, 111, 112, 113, 115, 119, 121, 122, 123, 124, 129, 130, 132, 134, 135, 136, 138, 143, 145, 147, 151, 158, 159, 162, 163, 164, 165, 167, 170, 174, 175, 176, 181, 186, 192], "summary": {"covered_lines": 91, "num_statements": 116, "percent_covered": 78.44827586206897, "percent_covered_display": "78", "missing_lines": 25, "excluded_lines": 0, "percent_statements_covered": 78.44827586206897, "percent_statements_covered_display": "78"}, "missing_lines": [64, 65, 78, 79, 80, 81, 82, 83, 84, 85, 88, 89, 90, 92, 98, 99, 100, 108, 116, 117, 125, 126, 127, 139, 140], "excluded_lines": [], "functions": {"ReportCommand.register_args": {"executed_lines": [21, 24, 25, 26, 27, 30, 31, 32, 35, 36, 37, 40, 41, 42], "summary": {"covered_lines": 14, "num_statements": 14, "percent_covered": 100.0, "percent_covered_display": "100", "missing_lines": 0, "excluded_lines": 0, "percent_statements_covered": 100.0, "percent_statements_covered_display": "100"}, "missing_lines": [], "excluded_lines": [], "start_line": 20}, "ReportCommand.execute": {"executed_lines": [45, 47, 49, 50, 51, 52, 53, 54, 55, 56], "summary": {"covered_lines": 10, "num_statements": 10, "percent_covered": 100.0, "percent_covered_display": "100", "missing_lines": 0, "excluded_lines": 0, "percent_statements_covered": 100.0, "percent_statements_covered_display": "100"}, "missing_lines": [], "excluded_lines": [], "start_line": 44}, "ReportCommand._handle_prisma": {"executed_lines": [59, 60, 61, 63, 67, 75, 77, 87], "summary": {"covered_lines": 8, "num_statements": 22, "percent_covered": 36.36363636363637, "percent_covered_display": "36", "missing_lines": 14, "excluded_lines": 0, "percent_statements_covered": 36.36363636363637, "percent_statements_covered_display": "36"}, "missing_lines": [64, 65, 78, 79, 80, 81, 82, 83, 84, 85, 88, 89, 90, 92], "excluded_lines": [], "start_line": 58}, "ReportCommand._handle_snapshot": {"executed_lines": [95, 97, 102, 103, 104, 105, 106], "summary": {"covered_lines": 7, "num_statements": 8, "percent_covered": 87.5, "percent_covered_display": "88", "missing_lines": 1, "excluded_lines": 0, "percent_statements_covered": 87.5, "percent_statements_covered_display": "88"}, "missing_lines": [108], "excluded_lines": [], "start_line": 94}, "ReportCommand._handle_snapshot.cli_progress": {"executed_lines": [], "summary": {"covered_lines": 0, "num_statements": 3, "percent_covered": 0.0, "percent_covered_display": "0", "missing_lines": 3, "excluded_lines": 0, "percent_statements_covered": 0.0, "percent_statements_covered_display": "0"}, "missing_lines": [98, 99, 100], "excluded_lines": [], "start_line": 97}, "ReportCommand._handle_screening": {"executed_lines": [111, 112, 113, 115, 119, 121, 122, 123, 124], "summary": {"covered_lines": 9, "num_statements": 14, "percent_covered": 64.28571428571429, "percent_covered_display": "64", "missing_lines": 5, "excluded_lines": 0, "percent_statements_covered": 64.28571428571429, "percent_statements_covered_display": "64"}, "missing_lines": [116, 117, 125, 126, 127], "excluded_lines": [], "start_line": 110}, "ReportCommand._handle_status": {"executed_lines": [130, 132, 134, 135, 136, 138, 143, 145, 147, 151, 158, 159, 162, 163, 164, 165, 167, 170, 174, 175, 176, 181, 186, 192], "summary": {"covered_lines": 24, "num_statements": 26, "percent_covered": 92.3076923076923, "percent_covered_display": "92", "missing_lines": 2, "excluded_lines": 0, "percent_statements_covered": 92.3076923076923, "percent_statements_covered_display": "92"}, "missing_lines": [139, 140], "excluded_lines": [], "start_line": 129}, "": {"executed_lines": [1, 2, 4, 5, 6, 8, 9, 10, 12, 15, 16, 17, 18, 20, 44, 58, 94, 110, 129], "summary": {"covered_lines": 19, "num_statements": 19, "percent_covered": 100.0, "percent_covered_display": "100", "missing_lines": 0, "excluded_lines": 0, "percent_statements_covered": 100.0, "percent_statements_covered_display": "100"}, "missing_lines": [], "excluded_lines": [], "start_line": 1}}, "classes": {"ReportCommand": {"executed_lines": [21, 24, 25, 26, 27, 30, 31, 32, 35, 36, 37, 40, 41, 42, 45, 47, 49, 50, 51, 52, 53, 54, 55, 56, 59, 60, 61, 63, 67, 75, 77, 87, 95, 97, 102, 103, 104, 105, 106, 111, 112, 113, 115, 119, 121, 122, 123, 124, 130, 132, 134, 135, 136, 138, 143, 145, 147, 151, 158, 159, 162, 163, 164, 165, 167, 170, 174, 175, 176, 181, 186, 192], "summary": {"covered_lines": 72, "num_statements": 97, "percent_covered": 74.22680412371135, "percent_covered_display": "74", "missing_lines": 25, "excluded_lines": 0, "percent_statements_covered": 74.22680412371135, "percent_statements_covered_display": "74"}, "missing_lines": [64, 65, 78, 79, 80, 81, 82, 83, 84, 85, 88, 89, 90, 92, 98, 99, 100, 108, 116, 117, 125, 126, 127, 139, 140], "excluded_lines": [], "start_line": 16}, "": {"executed_lines": [1, 2, 4, 5, 6, 8, 9, 10, 12, 15, 16, 17, 18, 20, 44, 58, 94, 110, 129], "summary": {"covered_lines": 19, "num_statements": 19, "percent_covered": 100.0, "percent_covered_display": "100", "missing_lines": 0, "excluded_lines": 0, "percent_statements_covered": 100.0, "percent_statements_covered_display": "100"}, "missing_lines": [], "excluded_lines": [], "start_line": 1}}}, "src/zotero_cli/cli/commands/review_cmd.py": {"executed_lines": [1, 2, 4, 5, 6, 9, 10, 11, 13, 14, 15, 16, 17, 18, 20, 21, 22, 24, 26, 27, 28, 30, 32, 33, 34, 36, 37, 39, 40, 42, 44, 45, 47, 48, 49, 50, 51, 52, 53, 55, 58, 66, 69, 74, 75, 76, 78, 79, 80, 85, 88, 89, 90, 91, 92, 93, 96, 99, 102, 105, 109, 110, 112, 114, 115, 116, 119, 120, 121, 122, 123, 125, 128, 129, 131, 132, 135, 137, 139, 151, 152, 158, 159, 160, 161, 163, 164, 167, 168, 171, 172, 175, 178, 179, 182, 183, 184, 187, 190, 191, 194, 195, 196, 202, 203, 204, 205, 206, 207, 209, 210, 216, 229, 289, 290, 292, 293, 294, 295, 296, 297, 298, 300], "summary": {"covered_lines": 123, "num_statements": 195, "percent_covered": 63.07692307692308, "percent_covered_display": "63", "missing_lines": 72, "excluded_lines": 0, "percent_statements_covered": 63.07692307692308, "percent_statements_covered_display": "63"}, "missing_lines": [56, 68, 70, 71, 124, 126, 154, 155, 208, 211, 212, 213, 214, 217, 219, 221, 222, 224, 225, 227, 230, 231, 233, 234, 236, 238, 239, 240, 241, 243, 244, 246, 247, 248, 249, 251, 252, 253, 255, 256, 257, 258, 259, 261, 262, 264, 274, 275, 276, 277, 278, 279, 280, 281, 283, 284, 285, 287, 301, 302, 304, 305, 307, 308, 309, 310, 312, 313, 314, 315, 316, 318], "excluded_lines": [], "functions": {"ScreenCommand.register_args": {"executed_lines": [14, 15, 16, 17, 18], "summary": {"covered_lines": 5, "num_statements": 5, "percent_covered": 100.0, "percent_covered_display": "100", "missing_lines": 0, "excluded_lines": 0, "percent_statements_covered": 100.0, "percent_statements_covered_display": "100"}, "missing_lines": [], "excluded_lines": [], "start_line": 13}, "ScreenCommand.execute": {"executed_lines": [21, 22, 24], "summary": {"covered_lines": 3, "num_statements": 3, "percent_covered": 100.0, "percent_covered_display": "100", "missing_lines": 0, "excluded_lines": 0, "percent_statements_covered": 100.0, "percent_statements_covered_display": "100"}, "missing_lines": [], "excluded_lines": [], "start_line": 20}, "ScreenCommand._handle_tui": {"executed_lines": [27, 28, 30, 32, 33, 34], "summary": {"covered_lines": 6, "num_statements": 6, "percent_covered": 100.0, "percent_covered_display": "100", "missing_lines": 0, "excluded_lines": 0, "percent_statements_covered": 100.0, "percent_statements_covered_display": "100"}, "missing_lines": [], "excluded_lines": [], "start_line": 26}, "ScreenCommand._handle_bulk": {"executed_lines": [37, 39, 40, 42, 44, 45, 47, 48, 49, 50, 51, 52, 53, 55, 58, 66, 69], "summary": {"covered_lines": 17, "num_statements": 21, "percent_covered": 80.95238095238095, "percent_covered_display": "81", "missing_lines": 4, "excluded_lines": 0, "percent_statements_covered": 80.95238095238095, "percent_statements_covered_display": "81"}, "missing_lines": [56, 68, 70, 71], "excluded_lines": [], "start_line": 36}, "DecideCommand.register_args": {"executed_lines": [79, 80, 85, 88, 89, 90, 91, 92, 93, 96, 99, 102, 105], "summary": {"covered_lines": 13, "num_statements": 13, "percent_covered": 100.0, "percent_covered_display": "100", "missing_lines": 0, "excluded_lines": 0, "percent_statements_covered": 100.0, "percent_statements_covered_display": "100"}, "missing_lines": [], "excluded_lines": [], "start_line": 78}, "DecideCommand.execute": {"executed_lines": [110, 112, 114, 115, 116, 119, 120, 121, 122, 123, 125, 128, 129, 131, 132, 135, 137, 139, 151, 152], "summary": {"covered_lines": 20, "num_statements": 24, "percent_covered": 83.33333333333333, "percent_covered_display": "83", "missing_lines": 4, "excluded_lines": 0, "percent_statements_covered": 83.33333333333333, "percent_statements_covered_display": "83"}, "missing_lines": [124, 126, 154, 155], "excluded_lines": [], "start_line": 109}, "ReviewCommand.register_args": {"executed_lines": [164, 167, 168, 171, 172, 175, 178, 179, 182, 183, 184, 187, 190, 191, 194, 195, 196], "summary": {"covered_lines": 17, "num_statements": 17, "percent_covered": 100.0, "percent_covered_display": "100", "missing_lines": 0, "excluded_lines": 0, "percent_statements_covered": 100.0, "percent_statements_covered_display": "100"}, "missing_lines": [], "excluded_lines": [], "start_line": 163}, "ReviewCommand.execute": {"executed_lines": [203, 204, 205, 206, 207, 209, 210], "summary": {"covered_lines": 7, "num_statements": 12, "percent_covered": 58.333333333333336, "percent_covered_display": "58", "missing_lines": 5, "excluded_lines": 0, "percent_statements_covered": 58.333333333333336, "percent_statements_covered_display": "58"}, "missing_lines": [208, 211, 212, 213, 214], "excluded_lines": [], "start_line": 202}, "ReviewCommand._handle_prune": {"executed_lines": [], "summary": {"covered_lines": 0, "num_statements": 7, "percent_covered": 0.0, "percent_covered_display": "0", "missing_lines": 7, "excluded_lines": 0, "percent_statements_covered": 0.0, "percent_statements_covered_display": "0"}, "missing_lines": [217, 219, 221, 222, 224, 225, 227], "excluded_lines": [], "start_line": 216}, "ReviewCommand._handle_audit": {"executed_lines": [], "summary": {"covered_lines": 0, "num_statements": 36, "percent_covered": 0.0, "percent_covered_display": "0", "missing_lines": 36, "excluded_lines": 0, "percent_statements_covered": 0.0, "percent_statements_covered_display": "0"}, "missing_lines": [230, 231, 233, 234, 236, 238, 239, 240, 241, 243, 244, 246, 247, 248, 249, 251, 255, 256, 257, 258, 259, 261, 262, 264, 274, 275, 276, 277, 278, 279, 280, 281, 283, 284, 285, 287], "excluded_lines": [], "start_line": 229}, "ReviewCommand._handle_audit.add_row": {"executed_lines": [], "summary": {"covered_lines": 0, "num_statements": 2, "percent_covered": 0.0, "percent_covered_display": "0", "missing_lines": 2, "excluded_lines": 0, "percent_statements_covered": 0.0, "percent_statements_covered_display": "0"}, "missing_lines": [252, 253], "excluded_lines": [], "start_line": 251}, "ReviewCommand._handle_migrate": {"executed_lines": [290, 292, 293, 294, 295, 296, 297, 298], "summary": {"covered_lines": 8, "num_statements": 8, "percent_covered": 100.0, "percent_covered_display": "100", "missing_lines": 0, "excluded_lines": 0, "percent_statements_covered": 100.0, "percent_statements_covered_display": "100"}, "missing_lines": [], "excluded_lines": [], "start_line": 289}, "ReviewCommand._handle_sync_csv": {"executed_lines": [], "summary": {"covered_lines": 0, "num_statements": 11, "percent_covered": 0.0, "percent_covered_display": "0", "missing_lines": 11, "excluded_lines": 0, "percent_statements_covered": 0.0, "percent_statements_covered_display": "0"}, "missing_lines": [301, 302, 304, 305, 307, 312, 313, 314, 315, 316, 318], "excluded_lines": [], "start_line": 300}, "ReviewCommand._handle_sync_csv.cli_progress": {"executed_lines": [], "summary": {"covered_lines": 0, "num_statements": 3, "percent_covered": 0.0, "percent_covered_display": "0", "missing_lines": 3, "excluded_lines": 0, "percent_statements_covered": 0.0, "percent_statements_covered_display": "0"}, "missing_lines": [308, 309, 310], "excluded_lines": [], "start_line": 307}, "": {"executed_lines": [1, 2, 4, 5, 6, 9, 10, 11, 13, 20, 26, 36, 74, 75, 76, 78, 109, 158, 159, 160, 161, 163, 202, 216, 229, 289, 300], "summary": {"covered_lines": 27, "num_statements": 27, "percent_covered": 100.0, "percent_covered_display": "100", "missing_lines": 0, "excluded_lines": 0, "percent_statements_covered": 100.0, "percent_statements_covered_display": "100"}, "missing_lines": [], "excluded_lines": [], "start_line": 1}}, "classes": {"ScreenCommand": {"executed_lines": [14, 15, 16, 17, 18, 21, 22, 24, 27, 28, 30, 32, 33, 34, 37, 39, 40, 42, 44, 45, 47, 48, 49, 50, 51, 52, 53, 55, 58, 66, 69], "summary": {"covered_lines": 31, "num_statements": 35, "percent_covered": 88.57142857142857, "percent_covered_display": "89", "missing_lines": 4, "excluded_lines": 0, "percent_statements_covered": 88.57142857142857, "percent_statements_covered_display": "89"}, "missing_lines": [56, 68, 70, 71], "excluded_lines": [], "start_line": 9}, "DecideCommand": {"executed_lines": [79, 80, 85, 88, 89, 90, 91, 92, 93, 96, 99, 102, 105, 110, 112, 114, 115, 116, 119, 120, 121, 122, 123, 125, 128, 129, 131, 132, 135, 137, 139, 151, 152], "summary": {"covered_lines": 33, "num_statements": 37, "percent_covered": 89.1891891891892, "percent_covered_display": "89", "missing_lines": 4, "excluded_lines": 0, "percent_statements_covered": 89.1891891891892, "percent_statements_covered_display": "89"}, "missing_lines": [124, 126, 154, 155], "excluded_lines": [], "start_line": 74}, "ReviewCommand": {"executed_lines": [164, 167, 168, 171, 172, 175, 178, 179, 182, 183, 184, 187, 190, 191, 194, 195, 196, 203, 204, 205, 206, 207, 209, 210, 290, 292, 293, 294, 295, 296, 297, 298], "summary": {"covered_lines": 32, "num_statements": 96, "percent_covered": 33.333333333333336, "percent_covered_display": "33", "missing_lines": 64, "excluded_lines": 0, "percent_statements_covered": 33.333333333333336, "percent_statements_covered_display": "33"}, "missing_lines": [208, 211, 212, 213, 214, 217, 219, 221, 222, 224, 225, 227, 230, 231, 233, 234, 236, 238, 239, 240, 241, 243, 244, 246, 247, 248, 249, 251, 252, 253, 255, 256, 257, 258, 259, 261, 262, 264, 274, 275, 276, 277, 278, 279, 280, 281, 283, 284, 285, 287, 301, 302, 304, 305, 307, 308, 309, 310, 312, 313, 314, 315, 316, 318], "excluded_lines": [], "start_line": 159}, "": {"executed_lines": [1, 2, 4, 5, 6, 9, 10, 11, 13, 20, 26, 36, 74, 75, 76, 78, 109, 158, 159, 160, 161, 163, 202, 216, 229, 289, 300], "summary": {"covered_lines": 27, "num_statements": 27, "percent_covered": 100.0, "percent_covered_display": "100", "missing_lines": 0, "excluded_lines": 0, "percent_statements_covered": 100.0, "percent_statements_covered_display": "100"}, "missing_lines": [], "excluded_lines": [], "start_line": 1}}}, "src/zotero_cli/cli/commands/system_cmd.py": {"executed_lines": [1, 2, 3, 4, 6, 7, 8, 9, 16, 17, 18, 19, 20, 21, 24, 25, 26, 28, 31, 32, 34, 36, 37, 38, 39, 40, 41, 45, 46, 47, 48, 50, 51, 54, 57, 60, 61, 64, 65, 66, 69, 72, 73, 75, 76, 78, 81, 82, 83, 85, 86, 88, 89, 90, 91, 93, 94, 95, 96, 99, 101, 102, 103, 104, 105, 106, 107, 108, 119, 120, 123, 124, 125, 127, 128, 129, 130, 132, 133, 134, 135], "summary": {"covered_lines": 81, "num_statements": 98, "percent_covered": 82.65306122448979, "percent_covered_display": "83", "missing_lines": 17, "excluded_lines": 0, "percent_statements_covered": 82.65306122448979, "percent_statements_covered_display": "83"}, "missing_lines": [29, 42, 77, 79, 80, 84, 97, 98, 109, 110, 111, 113, 114, 116, 117, 136, 137], "excluded_lines": [], "functions": {"InfoCommand.register_args": {"executed_lines": [], "summary": {"covered_lines": 0, "num_statements": 1, "percent_covered": 0.0, "percent_covered_display": "0", "missing_lines": 1, "excluded_lines": 0, "percent_statements_covered": 0.0, "percent_statements_covered_display": "0"}, "missing_lines": [29], "excluded_lines": [], "start_line": 28}, "InfoCommand.execute": {"executed_lines": [32, 34, 36, 37, 38, 39, 40, 41], "summary": {"covered_lines": 8, "num_statements": 9, "percent_covered": 88.88888888888889, "percent_covered_display": "89", "missing_lines": 1, "excluded_lines": 0, "percent_statements_covered": 88.88888888888889, "percent_statements_covered_display": "89"}, "missing_lines": [42], "excluded_lines": [], "start_line": 31}, "SystemCommand.register_args": {"executed_lines": [51, 54, 57, 60, 61, 64, 65, 66, 69, 72, 73], "summary": {"covered_lines": 11, "num_statements": 11, "percent_covered": 100.0, "percent_covered_display": "100", "missing_lines": 0, "excluded_lines": 0, "percent_statements_covered": 100.0, "percent_statements_covered_display": "100"}, "missing_lines": [], "excluded_lines": [], "start_line": 50}, "SystemCommand.execute": {"executed_lines": [76, 78, 81, 82, 83, 85, 86], "summary": {"covered_lines": 7, "num_statements": 11, "percent_covered": 63.63636363636363, "percent_covered_display": "64", "missing_lines": 4, "excluded_lines": 0, "percent_statements_covered": 63.63636363636363, "percent_statements_covered_display": "64"}, "missing_lines": [77, 79, 80, 84], "excluded_lines": [], "start_line": 75}, "SystemCommand._handle_normalize": {"executed_lines": [89, 90, 91, 93, 94, 95, 96, 99, 101, 102, 103, 104, 105, 106, 107, 108, 119, 120, 123, 124, 125], "summary": {"covered_lines": 21, "num_statements": 30, "percent_covered": 70.0, "percent_covered_display": "70", "missing_lines": 9, "excluded_lines": 0, "percent_statements_covered": 70.0, "percent_statements_covered_display": "70"}, "missing_lines": [97, 98, 109, 110, 111, 113, 114, 116, 117], "excluded_lines": [], "start_line": 88}, "SystemCommand._handle_backup": {"executed_lines": [128, 129, 130, 132, 133, 134, 135], "summary": {"covered_lines": 7, "num_statements": 9, "percent_covered": 77.77777777777777, "percent_covered_display": "78", "missing_lines": 2, "excluded_lines": 0, "percent_statements_covered": 77.77777777777777, "percent_statements_covered_display": "78"}, "missing_lines": [136, 137], "excluded_lines": [], "start_line": 127}, "": {"executed_lines": [1, 2, 3, 4, 6, 7, 8, 9, 16, 17, 18, 19, 20, 21, 24, 25, 26, 28, 31, 45, 46, 47, 48, 50, 75, 88, 127], "summary": {"covered_lines": 27, "num_statements": 27, "percent_covered": 100.0, "percent_covered_display": "100", "missing_lines": 0, "excluded_lines": 0, "percent_statements_covered": 100.0, "percent_statements_covered_display": "100"}, "missing_lines": [], "excluded_lines": [], "start_line": 1}}, "classes": {"InfoCommand": {"executed_lines": [32, 34, 36, 37, 38, 39, 40, 41], "summary": {"covered_lines": 8, "num_statements": 10, "percent_covered": 80.0, "percent_covered_display": "80", "missing_lines": 2, "excluded_lines": 0, "percent_statements_covered": 80.0, "percent_statements_covered_display": "80"}, "missing_lines": [29, 42], "excluded_lines": [], "start_line": 24}, "SystemCommand": {"executed_lines": [51, 54, 57, 60, 61, 64, 65, 66, 69, 72, 73, 76, 78, 81, 82, 83, 85, 86, 89, 90, 91, 93, 94, 95, 96, 99, 101, 102, 103, 104, 105, 106, 107, 108, 119, 120, 123, 124, 125, 128, 129, 130, 132, 133, 134, 135], "summary": {"covered_lines": 46, "num_statements": 61, "percent_covered": 75.40983606557377, "percent_covered_display": "75", "missing_lines": 15, "excluded_lines": 0, "percent_statements_covered": 75.40983606557377, "percent_statements_covered_display": "75"}, "missing_lines": [77, 79, 80, 84, 97, 98, 109, 110, 111, 113, 114, 116, 117, 136, 137], "excluded_lines": [], "start_line": 46}, "": {"executed_lines": [1, 2, 3, 4, 6, 7, 8, 9, 16, 17, 18, 19, 20, 21, 24, 25, 26, 28, 31, 45, 46, 47, 48, 50, 75, 88, 127], "summary": {"covered_lines": 27, "num_statements": 27, "percent_covered": 100.0, "percent_covered_display": "100", "missing_lines": 0, "excluded_lines": 0, "percent_statements_covered": 100.0, "percent_statements_covered_display": "100"}, "missing_lines": [], "excluded_lines": [], "start_line": 1}}}, "src/zotero_cli/cli/commands/tag_cmd.py": {"executed_lines": [1, 3, 4, 7, 8, 9, 10, 12, 13, 16, 19, 20, 21, 24, 25, 27, 28, 30, 31, 33, 34, 35, 36], "summary": {"covered_lines": 23, "num_statements": 34, "percent_covered": 67.6470588235294, "percent_covered_display": "68", "missing_lines": 11, "excluded_lines": 0, "percent_statements_covered": 67.6470588235294, "percent_statements_covered_display": "68"}, "missing_lines": [37, 38, 39, 40, 41, 43, 44, 45, 46, 47, 49], "excluded_lines": [], "functions": {"TagCommand.register_args": {"executed_lines": [13, 16, 19, 20, 21, 24, 25], "summary": {"covered_lines": 7, "num_statements": 7, "percent_covered": 100.0, "percent_covered_display": "100", "missing_lines": 0, "excluded_lines": 0, "percent_statements_covered": 100.0, "percent_statements_covered_display": "100"}, "missing_lines": [], "excluded_lines": [], "start_line": 12}, "TagCommand.execute": {"executed_lines": [28, 30, 31, 33, 34, 35, 36], "summary": {"covered_lines": 7, "num_statements": 18, "percent_covered": 38.888888888888886, "percent_covered_display": "39", "missing_lines": 11, "excluded_lines": 0, "percent_statements_covered": 38.888888888888886, "percent_statements_covered_display": "39"}, "missing_lines": [37, 38, 39, 40, 41, 43, 44, 45, 46, 47, 49], "excluded_lines": [], "start_line": 27}, "": {"executed_lines": [1, 3, 4, 7, 8, 9, 10, 12, 27], "summary": {"covered_lines": 9, "num_statements": 9, "percent_covered": 100.0, "percent_covered_display": "100", "missing_lines": 0, "excluded_lines": 0, "percent_statements_covered": 100.0, "percent_statements_covered_display": "100"}, "missing_lines": [], "excluded_lines": [], "start_line": 1}}, "classes": {"TagCommand": {"executed_lines": [13, 16, 19, 20, 21, 24, 25, 28, 30, 31, 33, 34, 35, 36], "summary": {"covered_lines": 14, "num_statements": 25, "percent_covered": 56.0, "percent_covered_display": "56", "missing_lines": 11, "excluded_lines": 0, "percent_statements_covered": 56.0, "percent_statements_covered_display": "56"}, "missing_lines": [37, 38, 39, 40, 41, 43, 44, 45, 46, 47, 49], "excluded_lines": [], "start_line": 8}, "": {"executed_lines": [1, 3, 4, 7, 8, 9, 10, 12, 27], "summary": {"covered_lines": 9, "num_statements": 9, "percent_covered": 100.0, "percent_covered_display": "100", "missing_lines": 0, "excluded_lines": 0, "percent_statements_covered": 100.0, "percent_statements_covered_display": "100"}, "missing_lines": [], "excluded_lines": [], "start_line": 1}}}, "src/zotero_cli/cli/main.py": {"executed_lines": [1, 2, 4, 5, 6, 9, 14, 15, 16, 17, 18, 22, 23, 24, 25, 26, 27, 29, 32, 35, 37, 38, 39, 40, 50], "summary": {"covered_lines": 25, "num_statements": 31, "percent_covered": 80.64516129032258, "percent_covered_display": "81", "missing_lines": 6, "excluded_lines": 0, "percent_statements_covered": 80.64516129032258, "percent_statements_covered_display": "81"}, "missing_lines": [41, 42, 44, 45, 47, 51], "excluded_lines": [], "functions": {"main": {"executed_lines": [15, 16, 17, 18, 22, 23, 24, 25, 26, 27, 29, 32, 35, 37, 38, 39, 40], "summary": {"covered_lines": 17, "num_statements": 22, "percent_covered": 77.27272727272727, "percent_covered_display": "77", "missing_lines": 5, "excluded_lines": 0, "percent_statements_covered": 77.27272727272727, "percent_statements_covered_display": "77"}, "missing_lines": [41, 42, 44, 45, 47], "excluded_lines": [], "start_line": 14}, "": {"executed_lines": [1, 2, 4, 5, 6, 9, 14, 50], "summary": {"covered_lines": 8, "num_statements": 9, "percent_covered": 88.88888888888889, "percent_covered_display": "89", "missing_lines": 1, "excluded_lines": 0, "percent_statements_covered": 88.88888888888889, "percent_statements_covered_display": "89"}, "missing_lines": [51], "excluded_lines": [], "start_line": 1}}, "classes": {"": {"executed_lines": [1, 2, 4, 5, 6, 9, 14, 15, 16, 17, 18, 22, 23, 24, 25, 26, 27, 29, 32, 35, 37, 38, 39, 40, 50], "summary": {"covered_lines": 25, "num_statements": 31, "percent_covered": 80.64516129032258, "percent_covered_display": "81", "missing_lines": 6, "excluded_lines": 0, "percent_statements_covered": 80.64516129032258, "percent_statements_covered_display": "81"}, "missing_lines": [41, 42, 44, 45, 47, 51], "excluded_lines": [], "start_line": 1}}}, "src/zotero_cli/cli/tui.py": {"executed_lines": [1, 3, 4, 5, 6, 7, 9, 10, 11, 14, 19, 22, 23, 24, 26, 29, 30, 31, 36, 37, 40, 50, 51, 52, 55, 56, 58, 59, 60, 62, 71, 77, 78, 79, 80, 84, 85, 86, 88, 90, 91, 92, 93, 94, 95, 97, 98, 99, 101, 102, 113, 114, 115, 119, 120, 122, 124, 125, 126, 131, 132, 135, 136, 137, 139, 140, 143, 144, 146, 148, 149, 150, 151, 157, 158, 159, 160, 163], "summary": {"covered_lines": 78, "num_statements": 99, "percent_covered": 78.78787878787878, "percent_covered_display": "79", "missing_lines": 21, "excluded_lines": 0, "percent_statements_covered": 78.78787878787878, "percent_statements_covered_display": "79"}, "missing_lines": [32, 46, 47, 48, 63, 64, 65, 66, 67, 72, 75, 81, 82, 116, 117, 152, 153, 154, 155, 164, 165], "excluded_lines": [], "functions": {"TuiScreeningService.__init__": {"executed_lines": [22, 23, 24], "summary": {"covered_lines": 3, "num_statements": 3, "percent_covered": 100.0, "percent_covered_display": "100", "missing_lines": 0, "excluded_lines": 0, "percent_statements_covered": 100.0, "percent_statements_covered_display": "100"}, "missing_lines": [], "excluded_lines": [], "start_line": 19}, "TuiScreeningService.run_screening_session": {"executed_lines": [29, 30, 31, 36, 37, 40, 50, 51, 52, 55, 56, 58, 59, 60, 62, 71, 77, 78, 79, 80, 84, 85, 86, 88, 90, 91, 92, 93, 94, 95, 97, 98, 99, 101, 102, 113, 114, 115, 119, 120, 122], "summary": {"covered_lines": 41, "num_statements": 56, "percent_covered": 73.21428571428571, "percent_covered_display": "73", "missing_lines": 15, "excluded_lines": 0, "percent_statements_covered": 73.21428571428571, "percent_statements_covered_display": "73"}, "missing_lines": [32, 46, 47, 48, 63, 64, 65, 66, 67, 72, 75, 81, 82, 116, 117], "excluded_lines": [], "start_line": 26}, "TuiScreeningService._display_item": {"executed_lines": [125, 126, 131, 132, 135, 136, 137, 139, 140, 143, 144, 146], "summary": {"covered_lines": 12, "num_statements": 12, "percent_covered": 100.0, "percent_covered_display": "100", "missing_lines": 0, "excluded_lines": 0, "percent_statements_covered": 100.0, "percent_statements_covered_display": "100"}, "missing_lines": [], "excluded_lines": [], "start_line": 124}, "TuiScreeningService._get_user_action": {"executed_lines": [149, 150, 151], "summary": {"covered_lines": 3, "num_statements": 7, "percent_covered": 42.857142857142854, "percent_covered_display": "43", "missing_lines": 4, "excluded_lines": 0, "percent_statements_covered": 42.857142857142854, "percent_statements_covered_display": "43"}, "missing_lines": [152, 153, 154, 155], "excluded_lines": [], "start_line": 148}, "TuiScreeningService._get_criteria_code": {"executed_lines": [158, 159, 160, 163], "summary": {"covered_lines": 4, "num_statements": 6, "percent_covered": 66.66666666666667, "percent_covered_display": "67", "missing_lines": 2, "excluded_lines": 0, "percent_statements_covered": 66.66666666666667, "percent_statements_covered_display": "67"}, "missing_lines": [164, 165], "excluded_lines": [], "start_line": 157}, "": {"executed_lines": [1, 3, 4, 5, 6, 7, 9, 10, 11, 14, 19, 26, 124, 148, 157], "summary": {"covered_lines": 15, "num_statements": 15, "percent_covered": 100.0, "percent_covered_display": "100", "missing_lines": 0, "excluded_lines": 0, "percent_statements_covered": 100.0, "percent_statements_covered_display": "100"}, "missing_lines": [], "excluded_lines": [], "start_line": 1}}, "classes": {"TuiScreeningService": {"executed_lines": [22, 23, 24, 29, 30, 31, 36, 37, 40, 50, 51, 52, 55, 56, 58, 59, 60, 62, 71, 77, 78, 79, 80, 84, 85, 86, 88, 90, 91, 92, 93, 94, 95, 97, 98, 99, 101, 102, 113, 114, 115, 119, 120, 122, 125, 126, 131, 132, 135, 136, 137, 139, 140, 143, 144, 146, 149, 150, 151, 158, 159, 160, 163], "summary": {"covered_lines": 63, "num_statements": 84, "percent_covered": 75.0, "percent_covered_display": "75", "missing_lines": 21, "excluded_lines": 0, "percent_statements_covered": 75.0, "percent_statements_covered_display": "75"}, "missing_lines": [32, 46, 47, 48, 63, 64, 65, 66, 67, 72, 75, 81, 82, 116, 117, 152, 153, 154, 155, 164, 165], "excluded_lines": [], "start_line": 14}, "": {"executed_lines": [1, 3, 4, 5, 6, 7, 9, 10, 11, 14, 19, 26, 124, 148, 157], "summary": {"covered_lines": 15, "num_statements": 15, "percent_covered": 100.0, "percent_covered_display": "100", "missing_lines": 0, "excluded_lines": 0, "percent_statements_covered": 100.0, "percent_statements_covered_display": "100"}, "missing_lines": [], "excluded_lines": [], "start_line": 1}}}, "src/zotero_cli/core/__init__.py": {"executed_lines": [], "summary": {"covered_lines": 0, "num_statements": 0, "percent_covered": 100.0, "percent_covered_display": "100", "missing_lines": 0, "excluded_lines": 0, "percent_statements_covered": 100.0, "percent_statements_covered_display": "100"}, "missing_lines": [], "excluded_lines": [], "functions": {"": {"executed_lines": [], "summary": {"covered_lines": 0, "num_statements": 0, "percent_covered": 100.0, "percent_covered_display": "100", "missing_lines": 0, "excluded_lines": 0, "percent_statements_covered": 100.0, "percent_statements_covered_display": "100"}, "missing_lines": [], "excluded_lines": [], "start_line": 1}}, "classes": {"": {"executed_lines": [], "summary": {"covered_lines": 0, "num_statements": 0, "percent_covered": 100.0, "percent_covered_display": "100", "missing_lines": 0, "excluded_lines": 0, "percent_statements_covered": 100.0, "percent_statements_covered_display": "100"}, "missing_lines": [], "excluded_lines": [], "start_line": 1}}}, "src/zotero_cli/core/config.py": {"executed_lines": [1, 2, 3, 4, 5, 7, 8, 13, 14, 15, 16, 17, 18, 19, 20, 21, 23, 27, 37, 38, 40, 41, 44, 45, 47, 48, 51, 52, 53, 56, 57, 62, 65, 67, 77, 78, 80, 81, 83, 84, 85, 87, 95, 96, 99, 102, 103, 106, 109, 110, 111, 112, 113, 114, 117, 118], "summary": {"covered_lines": 56, "num_statements": 62, "percent_covered": 90.3225806451613, "percent_covered_display": "90", "missing_lines": 6, "excluded_lines": 0, "percent_statements_covered": 90.3225806451613, "percent_statements_covered_display": "90"}, "missing_lines": [10, 24, 42, 88, 89, 90], "excluded_lines": [], "functions": {"ZoteroConfig.is_valid": {"executed_lines": [], "summary": {"covered_lines": 0, "num_statements": 1, "percent_covered": 0.0, "percent_covered_display": "0", "missing_lines": 1, "excluded_lines": 0, "percent_statements_covered": 0.0, "percent_statements_covered_display": "0"}, "missing_lines": [24], "excluded_lines": [], "start_line": 23}, "ConfigLoader.__init__": {"executed_lines": [38], "summary": {"covered_lines": 1, "num_statements": 1, "percent_covered": 100.0, "percent_covered_display": "100", "missing_lines": 0, "excluded_lines": 0, "percent_statements_covered": 100.0, "percent_statements_covered_display": "100"}, "missing_lines": [], "excluded_lines": [], "start_line": 37}, "ConfigLoader._get_default_config_path": {"executed_lines": [41, 44, 45], "summary": {"covered_lines": 3, "num_statements": 4, "percent_covered": 75.0, "percent_covered_display": "75", "missing_lines": 1, "excluded_lines": 0, "percent_statements_covered": 75.0, "percent_statements_covered_display": "75"}, "missing_lines": [42], "excluded_lines": [], "start_line": 40}, "ConfigLoader.load": {"executed_lines": [48, 51, 52, 53, 56, 57, 62, 65, 67], "summary": {"covered_lines": 9, "num_statements": 9, "percent_covered": 100.0, "percent_covered_display": "100", "missing_lines": 0, "excluded_lines": 0, "percent_statements_covered": 100.0, "percent_statements_covered_display": "100"}, "missing_lines": [], "excluded_lines": [], "start_line": 47}, "ConfigLoader._load_from_file": {"executed_lines": [78, 80, 81, 83, 84, 85, 87], "summary": {"covered_lines": 7, "num_statements": 10, "percent_covered": 70.0, "percent_covered_display": "70", "missing_lines": 3, "excluded_lines": 0, "percent_statements_covered": 70.0, "percent_statements_covered_display": "70"}, "missing_lines": [88, 89, 90], "excluded_lines": [], "start_line": 77}, "reset_config": {"executed_lines": [102, 103], "summary": {"covered_lines": 2, "num_statements": 2, "percent_covered": 100.0, "percent_covered_display": "100", "missing_lines": 0, "excluded_lines": 0, "percent_statements_covered": 100.0, "percent_statements_covered_display": "100"}, "missing_lines": [], "excluded_lines": [], "start_line": 99}, "get_config": {"executed_lines": [109, 110, 111, 112, 113, 114], "summary": {"covered_lines": 6, "num_statements": 6, "percent_covered": 100.0, "percent_covered_display": "100", "missing_lines": 0, "excluded_lines": 0, "percent_statements_covered": 100.0, "percent_statements_covered_display": "100"}, "missing_lines": [], "excluded_lines": [], "start_line": 106}, "get_config_path": {"executed_lines": [118], "summary": {"covered_lines": 1, "num_statements": 1, "percent_covered": 100.0, "percent_covered_display": "100", "missing_lines": 0, "excluded_lines": 0, "percent_statements_covered": 100.0, "percent_statements_covered_display": "100"}, "missing_lines": [], "excluded_lines": [], "start_line": 117}, "": {"executed_lines": [1, 2, 3, 4, 5, 7, 8, 13, 14, 15, 16, 17, 18, 19, 20, 21, 23, 27, 37, 40, 47, 77, 95, 96, 99, 106, 117], "summary": {"covered_lines": 27, "num_statements": 28, "percent_covered": 96.42857142857143, "percent_covered_display": "96", "missing_lines": 1, "excluded_lines": 0, "percent_statements_covered": 96.42857142857143, "percent_statements_covered_display": "96"}, "missing_lines": [10], "excluded_lines": [], "start_line": 1}}, "classes": {"ZoteroConfig": {"executed_lines": [], "summary": {"covered_lines": 0, "num_statements": 1, "percent_covered": 0.0, "percent_covered_display": "0", "missing_lines": 1, "excluded_lines": 0, "percent_statements_covered": 0.0, "percent_statements_covered_display": "0"}, "missing_lines": [24], "excluded_lines": [], "start_line": 14}, "ConfigLoader": {"executed_lines": [38, 41, 44, 45, 48, 51, 52, 53, 56, 57, 62, 65, 67, 78, 80, 81, 83, 84, 85, 87], "summary": {"covered_lines": 20, "num_statements": 24, "percent_covered": 83.33333333333333, "percent_covered_display": "83", "missing_lines": 4, "excluded_lines": 0, "percent_statements_covered": 83.33333333333333, "percent_statements_covered_display": "83"}, "missing_lines": [42, 88, 89, 90], "excluded_lines": [], "start_line": 27}, "": {"executed_lines": [1, 2, 3, 4, 5, 7, 8, 13, 14, 15, 16, 17, 18, 19, 20, 21, 23, 27, 37, 40, 47, 77, 95, 96, 99, 102, 103, 106, 109, 110, 111, 112, 113, 114, 117, 118], "summary": {"covered_lines": 36, "num_statements": 37, "percent_covered": 97.29729729729729, "percent_covered_display": "97", "missing_lines": 1, "excluded_lines": 0, "percent_statements_covered": 97.29729729729729, "percent_statements_covered_display": "97"}, "missing_lines": [10], "excluded_lines": [], "start_line": 1}}}, "src/zotero_cli/core/interfaces.py": {"executed_lines": [1, 2, 4, 5, 8, 9, 10, 13, 14, 17, 18, 21, 22, 25, 26, 29, 30, 33, 34, 38, 39, 40, 43, 44, 47, 48, 51, 52, 55, 56, 59, 60, 66, 67, 68, 71, 72, 75, 76, 79, 80, 84, 85, 86, 89, 90, 93, 94, 98, 99, 100, 106, 107, 108, 112, 113, 114, 124, 125, 126, 130, 131, 132, 136, 137, 138, 142, 143, 144, 148, 149, 150, 154, 162], "summary": {"covered_lines": 74, "num_statements": 102, "percent_covered": 72.54901960784314, "percent_covered_display": "73", "missing_lines": 28, "excluded_lines": 0, "percent_statements_covered": 72.54901960784314, "percent_statements_covered_display": "73"}, "missing_lines": [11, 15, 19, 23, 27, 31, 35, 41, 45, 49, 53, 57, 63, 69, 73, 77, 81, 87, 91, 95, 103, 109, 121, 127, 133, 139, 145, 151], "excluded_lines": [], "functions": {"ItemRepository.get_item": {"executed_lines": [], "summary": {"covered_lines": 0, "num_statements": 1, "percent_covered": 0.0, "percent_covered_display": "0", "missing_lines": 1, "excluded_lines": 0, "percent_statements_covered": 0.0, "percent_statements_covered_display": "0"}, "missing_lines": [11], "excluded_lines": [], "start_line": 10}, "ItemRepository.create_item": {"executed_lines": [], "summary": {"covered_lines": 0, "num_statements": 1, "percent_covered": 0.0, "percent_covered_display": "0", "missing_lines": 1, "excluded_lines": 0, "percent_statements_covered": 0.0, "percent_statements_covered_display": "0"}, "missing_lines": [15], "excluded_lines": [], "start_line": 14}, "ItemRepository.create_generic_item": {"executed_lines": [], "summary": {"covered_lines": 0, "num_statements": 1, "percent_covered": 0.0, "percent_covered_display": "0", "missing_lines": 1, "excluded_lines": 0, "percent_statements_covered": 0.0, "percent_statements_covered_display": "0"}, "missing_lines": [19], "excluded_lines": [], "start_line": 18}, "ItemRepository.update_item": {"executed_lines": [], "summary": {"covered_lines": 0, "num_statements": 1, "percent_covered": 0.0, "percent_covered_display": "0", "missing_lines": 1, "excluded_lines": 0, "percent_statements_covered": 0.0, "percent_statements_covered_display": "0"}, "missing_lines": [23], "excluded_lines": [], "start_line": 22}, "ItemRepository.delete_item": {"executed_lines": [], "summary": {"covered_lines": 0, "num_statements": 1, "percent_covered": 0.0, "percent_covered_display": "0", "missing_lines": 1, "excluded_lines": 0, "percent_statements_covered": 0.0, "percent_statements_covered_display": "0"}, "missing_lines": [27], "excluded_lines": [], "start_line": 26}, "ItemRepository.get_items_by_tag": {"executed_lines": [], "summary": {"covered_lines": 0, "num_statements": 1, "percent_covered": 0.0, "percent_covered_display": "0", "missing_lines": 1, "excluded_lines": 0, "percent_statements_covered": 0.0, "percent_statements_covered_display": "0"}, "missing_lines": [31], "excluded_lines": [], "start_line": 30}, "ItemRepository.update_item_metadata": {"executed_lines": [], "summary": {"covered_lines": 0, "num_statements": 1, "percent_covered": 0.0, "percent_covered_display": "0", "missing_lines": 1, "excluded_lines": 0, "percent_statements_covered": 0.0, "percent_statements_covered_display": "0"}, "missing_lines": [35], "excluded_lines": [], "start_line": 34}, "CollectionRepository.get_collection": {"executed_lines": [], "summary": {"covered_lines": 0, "num_statements": 1, "percent_covered": 0.0, "percent_covered_display": "0", "missing_lines": 1, "excluded_lines": 0, "percent_statements_covered": 0.0, "percent_statements_covered_display": "0"}, "missing_lines": [41], "excluded_lines": [], "start_line": 40}, "CollectionRepository.get_collection_id_by_name": {"executed_lines": [], "summary": {"covered_lines": 0, "num_statements": 1, "percent_covered": 0.0, "percent_covered_display": "0", "missing_lines": 1, "excluded_lines": 0, "percent_statements_covered": 0.0, "percent_statements_covered_display": "0"}, "missing_lines": [45], "excluded_lines": [], "start_line": 44}, "CollectionRepository.create_collection": {"executed_lines": [], "summary": {"covered_lines": 0, "num_statements": 1, "percent_covered": 0.0, "percent_covered_display": "0", "missing_lines": 1, "excluded_lines": 0, "percent_statements_covered": 0.0, "percent_statements_covered_display": "0"}, "missing_lines": [49], "excluded_lines": [], "start_line": 48}, "CollectionRepository.delete_collection": {"executed_lines": [], "summary": {"covered_lines": 0, "num_statements": 1, "percent_covered": 0.0, "percent_covered_display": "0", "missing_lines": 1, "excluded_lines": 0, "percent_statements_covered": 0.0, "percent_statements_covered_display": "0"}, "missing_lines": [53], "excluded_lines": [], "start_line": 52}, "CollectionRepository.get_all_collections": {"executed_lines": [], "summary": {"covered_lines": 0, "num_statements": 1, "percent_covered": 0.0, "percent_covered_display": "0", "missing_lines": 1, "excluded_lines": 0, "percent_statements_covered": 0.0, "percent_statements_covered_display": "0"}, "missing_lines": [57], "excluded_lines": [], "start_line": 56}, "CollectionRepository.get_items_in_collection": {"executed_lines": [], "summary": {"covered_lines": 0, "num_statements": 1, "percent_covered": 0.0, "percent_covered_display": "0", "missing_lines": 1, "excluded_lines": 0, "percent_statements_covered": 0.0, "percent_statements_covered_display": "0"}, "missing_lines": [63], "excluded_lines": [], "start_line": 60}, "TagRepository.get_tags": {"executed_lines": [], "summary": {"covered_lines": 0, "num_statements": 1, "percent_covered": 0.0, "percent_covered_display": "0", "missing_lines": 1, "excluded_lines": 0, "percent_statements_covered": 0.0, "percent_statements_covered_display": "0"}, "missing_lines": [69], "excluded_lines": [], "start_line": 68}, "TagRepository.get_tags_for_item": {"executed_lines": [], "summary": {"covered_lines": 0, "num_statements": 1, "percent_covered": 0.0, "percent_covered_display": "0", "missing_lines": 1, "excluded_lines": 0, "percent_statements_covered": 0.0, "percent_statements_covered_display": "0"}, "missing_lines": [73], "excluded_lines": [], "start_line": 72}, "TagRepository.add_tags": {"executed_lines": [], "summary": {"covered_lines": 0, "num_statements": 1, "percent_covered": 0.0, "percent_covered_display": "0", "missing_lines": 1, "excluded_lines": 0, "percent_statements_covered": 0.0, "percent_statements_covered_display": "0"}, "missing_lines": [77], "excluded_lines": [], "start_line": 76}, "TagRepository.delete_tags": {"executed_lines": [], "summary": {"covered_lines": 0, "num_statements": 1, "percent_covered": 0.0, "percent_covered_display": "0", "missing_lines": 1, "excluded_lines": 0, "percent_statements_covered": 0.0, "percent_statements_covered_display": "0"}, "missing_lines": [81], "excluded_lines": [], "start_line": 80}, "NoteRepository.create_note": {"executed_lines": [], "summary": {"covered_lines": 0, "num_statements": 1, "percent_covered": 0.0, "percent_covered_display": "0", "missing_lines": 1, "excluded_lines": 0, "percent_statements_covered": 0.0, "percent_statements_covered_display": "0"}, "missing_lines": [87], "excluded_lines": [], "start_line": 86}, "NoteRepository.update_note": {"executed_lines": [], "summary": {"covered_lines": 0, "num_statements": 1, "percent_covered": 0.0, "percent_covered_display": "0", "missing_lines": 1, "excluded_lines": 0, "percent_statements_covered": 0.0, "percent_statements_covered_display": "0"}, "missing_lines": [91], "excluded_lines": [], "start_line": 90}, "NoteRepository.get_item_children": {"executed_lines": [], "summary": {"covered_lines": 0, "num_statements": 1, "percent_covered": 0.0, "percent_covered_display": "0", "missing_lines": 1, "excluded_lines": 0, "percent_statements_covered": 0.0, "percent_statements_covered_display": "0"}, "missing_lines": [95], "excluded_lines": [], "start_line": 94}, "AttachmentRepository.upload_attachment": {"executed_lines": [], "summary": {"covered_lines": 0, "num_statements": 1, "percent_covered": 0.0, "percent_covered_display": "0", "missing_lines": 1, "excluded_lines": 0, "percent_statements_covered": 0.0, "percent_statements_covered_display": "0"}, "missing_lines": [103], "excluded_lines": [], "start_line": 100}, "MetadataProvider.get_paper_metadata": {"executed_lines": [], "summary": {"covered_lines": 0, "num_statements": 1, "percent_covered": 0.0, "percent_covered_display": "0", "missing_lines": 1, "excluded_lines": 0, "percent_statements_covered": 0.0, "percent_statements_covered_display": "0"}, "missing_lines": [109], "excluded_lines": [], "start_line": 108}, "ArxivGateway.search": {"executed_lines": [], "summary": {"covered_lines": 0, "num_statements": 1, "percent_covered": 0.0, "percent_covered_display": "0", "missing_lines": 1, "excluded_lines": 0, "percent_statements_covered": 0.0, "percent_statements_covered_display": "0"}, "missing_lines": [121], "excluded_lines": [], "start_line": 114}, "BibtexGateway.parse_file": {"executed_lines": [], "summary": {"covered_lines": 0, "num_statements": 1, "percent_covered": 0.0, "percent_covered_display": "0", "missing_lines": 1, "excluded_lines": 0, "percent_statements_covered": 0.0, "percent_statements_covered_display": "0"}, "missing_lines": [127], "excluded_lines": [], "start_line": 126}, "RisGateway.parse_file": {"executed_lines": [], "summary": {"covered_lines": 0, "num_statements": 1, "percent_covered": 0.0, "percent_covered_display": "0", "missing_lines": 1, "excluded_lines": 0, "percent_statements_covered": 0.0, "percent_statements_covered_display": "0"}, "missing_lines": [133], "excluded_lines": [], "start_line": 132}, "SpringerCsvGateway.parse_file": {"executed_lines": [], "summary": {"covered_lines": 0, "num_statements": 1, "percent_covered": 0.0, "percent_covered_display": "0", "missing_lines": 1, "excluded_lines": 0, "percent_statements_covered": 0.0, "percent_statements_covered_display": "0"}, "missing_lines": [139], "excluded_lines": [], "start_line": 138}, "IeeeCsvGateway.parse_file": {"executed_lines": [], "summary": {"covered_lines": 0, "num_statements": 1, "percent_covered": 0.0, "percent_covered_display": "0", "missing_lines": 1, "excluded_lines": 0, "percent_statements_covered": 0.0, "percent_statements_covered_display": "0"}, "missing_lines": [145], "excluded_lines": [], "start_line": 144}, "CanonicalCsvGateway.parse_file": {"executed_lines": [], "summary": {"covered_lines": 0, "num_statements": 1, "percent_covered": 0.0, "percent_covered_display": "0", "missing_lines": 1, "excluded_lines": 0, "percent_statements_covered": 0.0, "percent_statements_covered_display": "0"}, "missing_lines": [151], "excluded_lines": [], "start_line": 150}, "": {"executed_lines": [1, 2, 4, 5, 8, 9, 10, 13, 14, 17, 18, 21, 22, 25, 26, 29, 30, 33, 34, 38, 39, 40, 43, 44, 47, 48, 51, 52, 55, 56, 59, 60, 66, 67, 68, 71, 72, 75, 76, 79, 80, 84, 85, 86, 89, 90, 93, 94, 98, 99, 100, 106, 107, 108, 112, 113, 114, 124, 125, 126, 130, 131, 132, 136, 137, 138, 142, 143, 144, 148, 149, 150, 154, 162], "summary": {"covered_lines": 74, "num_statements": 74, "percent_covered": 100.0, "percent_covered_display": "100", "missing_lines": 0, "excluded_lines": 0, "percent_statements_covered": 100.0, "percent_statements_covered_display": "100"}, "missing_lines": [], "excluded_lines": [], "start_line": 1}}, "classes": {"ItemRepository": {"executed_lines": [], "summary": {"covered_lines": 0, "num_statements": 7, "percent_covered": 0.0, "percent_covered_display": "0", "missing_lines": 7, "excluded_lines": 0, "percent_statements_covered": 0.0, "percent_statements_covered_display": "0"}, "missing_lines": [11, 15, 19, 23, 27, 31, 35], "excluded_lines": [], "start_line": 8}, "CollectionRepository": {"executed_lines": [], "summary": {"covered_lines": 0, "num_statements": 6, "percent_covered": 0.0, "perce
[...]
erCsvLibGateway._map_row_to_paper": {"executed_lines": [23, 24, 25, 26, 27, 31], "summary": {"covered_lines": 6, "num_statements": 6, "percent_covered": 100.0, "percent_covered_display": "100", "missing_lines": 0, "excluded_lines": 0, "percent_statements_covered": 100.0, "percent_statements_covered_display": "100"}, "missing_lines": [], "excluded_lines": [], "start_line": 22}, "": {"executed_lines": [1, 2, 4, 5, 8, 9, 22], "summary": {"covered_lines": 7, "num_statements": 7, "percent_covered": 100.0, "percent_covered_display": "100", "missing_lines": 0, "excluded_lines": 0, "percent_statements_covered": 100.0, "percent_statements_covered_display": "100"}, "missing_lines": [], "excluded_lines": [], "start_line": 1}}, "classes": {"SpringerCsvLibGateway": {"executed_lines": [10, 11, 12, 13, 14, 15, 16, 17, 23, 24, 25, 26, 27, 31], "summary": {"covered_lines": 14, "num_statements": 17, "percent_covered": 82.3529411764706, "percent_covered_display": "82", "missing_lines": 3, "excluded_lines": 0, "percent_statements_covered": 82.3529411764706, "percent_statements_covered_display": "82"}, "missing_lines": [18, 19, 20], "excluded_lines": [], "start_line": 8}, "": {"executed_lines": [1, 2, 4, 5, 8, 9, 22], "summary": {"covered_lines": 7, "num_statements": 7, "percent_covered": 100.0, "percent_covered_display": "100", "missing_lines": 0, "excluded_lines": 0, "percent_statements_covered": 100.0, "percent_statements_covered_display": "100"}, "missing_lines": [], "excluded_lines": [], "start_line": 1}}}, "src/zotero_cli/infra/unpaywall_api.py": {"executed_lines": [1, 2, 4, 6, 7, 8, 11, 12, 13, 14, 16, 22, 23, 25, 26, 28, 29, 39, 41, 44, 45, 46, 47, 48, 49, 52, 55, 56, 57, 60, 61, 62, 63, 66, 67, 72], "summary": {"covered_lines": 36, "num_statements": 47, "percent_covered": 76.59574468085107, "percent_covered_display": "77", "missing_lines": 11, "excluded_lines": 0, "percent_statements_covered": 76.59574468085107, "percent_statements_covered_display": "77"}, "missing_lines": [30, 31, 32, 33, 34, 35, 36, 37, 68, 69, 70], "excluded_lines": [], "functions": {"UnpaywallAPIClient.__init__": {"executed_lines": [13, 14], "summary": {"covered_lines": 2, "num_statements": 2, "percent_covered": 100.0, "percent_covered_display": "100", "missing_lines": 0, "excluded_lines": 0, "percent_statements_covered": 100.0, "percent_statements_covered_display": "100"}, "missing_lines": [], "excluded_lines": [], "start_line": 12}, "UnpaywallAPIClient.get_paper_metadata": {"executed_lines": [22, 23, 25, 26, 28, 29], "summary": {"covered_lines": 6, "num_statements": 14, "percent_covered": 42.857142857142854, "percent_covered_display": "43", "missing_lines": 8, "excluded_lines": 0, "percent_statements_covered": 42.857142857142854, "percent_statements_covered_display": "43"}, "missing_lines": [30, 31, 32, 33, 34, 35, 36, 37], "excluded_lines": [], "start_line": 16}, "UnpaywallAPIClient._map_to_research_paper": {"executed_lines": [41, 44, 45, 46, 47, 48, 49, 52, 55, 56, 57, 60, 61, 62, 63, 66, 67, 72], "summary": {"covered_lines": 18, "num_statements": 21, "percent_covered": 85.71428571428571, "percent_covered_display": "86", "missing_lines": 3, "excluded_lines": 0, "percent_statements_covered": 85.71428571428571, "percent_statements_covered_display": "86"}, "missing_lines": [68, 69, 70], "excluded_lines": [], "start_line": 39}, "": {"executed_lines": [1, 2, 4, 6, 7, 8, 11, 12, 16, 39], "summary": {"covered_lines": 10, "num_statements": 10, "percent_covered": 100.0, "percent_covered_display": "100", "missing_lines": 0, "excluded_lines": 0, "percent_statements_covered": 100.0, "percent_statements_covered_display": "100"}, "missing_lines": [], "excluded_lines": [], "start_line": 1}}, "classes": {"UnpaywallAPIClient": {"executed_lines": [13, 14, 22, 23, 25, 26, 28, 29, 41, 44, 45, 46, 47, 48, 49, 52, 55, 56, 57, 60, 61, 62, 63, 66, 67, 72], "summary": {"covered_lines": 26, "num_statements": 37, "percent_covered": 70.27027027027027, "percent_covered_display": "70", "missing_lines": 11, "excluded_lines": 0, "percent_statements_covered": 70.27027027027027, "percent_statements_covered_display": "70"}, "missing_lines": [30, 31, 32, 33, 34, 35, 36, 37, 68, 69, 70], "excluded_lines": [], "start_line": 11}, "": {"executed_lines": [1, 2, 4, 6, 7, 8, 11, 12, 16, 39], "summary": {"covered_lines": 10, "num_statements": 10, "percent_covered": 100.0, "percent_covered_display": "100", "missing_lines": 0, "excluded_lines": 0, "percent_statements_covered": 100.0, "percent_statements_covered_display": "100"}, "missing_lines": [], "excluded_lines": [], "start_line": 1}}}, "src/zotero_cli/infra/zotero_api.py": {"executed_lines": [1, 2, 3, 5, 7, 8, 9, 10, 12, 15, 21, 22, 24, 25, 26, 27, 28, 29, 31, 32, 33, 34, 35, 40, 41, 42, 43, 44, 45, 47, 48, 49, 50, 51, 52, 53, 54, 55, 56, 57, 58, 59, 60, 61, 65, 66, 75, 76, 84, 85, 93, 94, 95, 99, 101, 102, 111, 112, 114, 115, 117, 120, 121, 122, 123, 125, 126, 134, 135, 141, 150, 151, 152, 155, 156, 158, 159, 160, 162, 163, 164, 165, 167, 172, 173, 174, 177, 182, 195, 196, 199, 200, 201, 202, 203, 204, 205, 209, 211, 212, 213, 214, 215, 216, 222, 230, 231, 232, 235, 236, 237, 239, 240, 241, 243, 244, 246, 247, 248, 249, 250, 251, 253, 254, 255, 256, 261, 262, 263, 264, 265, 266, 267, 269, 270, 271, 272, 273, 274, 275, 276, 278, 279, 280, 281, 287, 288, 289, 291, 292, 293, 294, 295, 296, 297, 298, 299, 301, 302, 304, 307, 308, 309, 310, 312, 313, 314, 315, 316, 319, 329, 330, 331, 335, 337, 340, 343, 345, 348, 349, 350, 353, 354, 357, 358, 359, 361, 363, 364, 365], "summary": {"covered_lines": 190, "num_statements": 235, "percent_covered": 80.85106382978724, "percent_covered_display": "81", "missing_lines": 45, "excluded_lines": 0, "percent_statements_covered": 80.85106382978724, "percent_statements_covered_display": "81"}, "missing_lines": [36, 37, 38, 96, 97, 142, 143, 144, 145, 146, 153, 157, 166, 168, 169, 170, 178, 179, 180, 183, 184, 185, 186, 187, 189, 190, 191, 193, 197, 206, 207, 208, 220, 233, 242, 257, 258, 259, 282, 283, 284, 285, 286, 332, 346], "excluded_lines": [], "functions": {"ZoteroAPIClient.__init__": {"executed_lines": [22], "summary": {"covered_lines": 1, "num_statements": 1, "percent_covered": 100.0, "percent_covered_display": "100", "missing_lines": 0, "excluded_lines": 0, "percent_statements_covered": 100.0, "percent_statements_covered_display": "100"}, "missing_lines": [], "excluded_lines": [], "start_line": 21}, "ZoteroAPIClient._safe_execute": {"executed_lines": [25, 26, 27, 28, 29], "summary": {"covered_lines": 5, "num_statements": 5, "percent_covered": 100.0, "percent_covered_display": "100", "missing_lines": 0, "excluded_lines": 0, "percent_statements_covered": 100.0, "percent_statements_covered_display": "100"}, "missing_lines": [], "excluded_lines": [], "start_line": 24}, "ZoteroAPIClient._parse_write_response": {"executed_lines": [32, 33, 34, 35], "summary": {"covered_lines": 4, "num_statements": 7, "percent_covered": 57.142857142857146, "percent_covered_display": "57", "missing_lines": 3, "excluded_lines": 0, "percent_statements_covered": 57.142857142857146, "percent_statements_covered_display": "57"}, "missing_lines": [36, 37, 38], "excluded_lines": [], "start_line": 31}, "ZoteroAPIClient._paginate_items": {"executed_lines": [41, 42, 43, 44, 45, 47, 48, 49, 50, 51, 52, 53, 54, 55, 56, 57, 58, 59, 60, 61], "summary": {"covered_lines": 20, "num_statements": 20, "percent_covered": 100.0, "percent_covered_display": "100", "missing_lines": 0, "excluded_lines": 0, "percent_statements_covered": 100.0, "percent_statements_covered_display": "100"}, "missing_lines": [], "excluded_lines": [], "start_line": 40}, "ZoteroAPIClient.get_user_groups": {"executed_lines": [66], "summary": {"covered_lines": 1, "num_statements": 1, "percent_covered": 100.0, "percent_covered_display": "100", "missing_lines": 0, "excluded_lines": 0, "percent_statements_covered": 100.0, "percent_statements_covered_display": "100"}, "missing_lines": [], "excluded_lines": [], "start_line": 65}, "ZoteroAPIClient.get_all_collections": {"executed_lines": [76], "summary": {"covered_lines": 1, "num_statements": 1, "percent_covered": 100.0, "percent_covered_display": "100", "missing_lines": 0, "excluded_lines": 0, "percent_statements_covered": 100.0, "percent_statements_covered_display": "100"}, "missing_lines": [], "excluded_lines": [], "start_line": 75}, "ZoteroAPIClient.get_collection": {"executed_lines": [85], "summary": {"covered_lines": 1, "num_statements": 1, "percent_covered": 100.0, "percent_covered_display": "100", "missing_lines": 0, "excluded_lines": 0, "percent_statements_covered": 100.0, "percent_statements_covered_display": "100"}, "missing_lines": [], "excluded_lines": [], "start_line": 84}, "ZoteroAPIClient.get_tags": {"executed_lines": [94, 99], "summary": {"covered_lines": 2, "num_statements": 2, "percent_covered": 100.0, "percent_covered_display": "100", "missing_lines": 0, "excluded_lines": 0, "percent_statements_covered": 100.0, "percent_statements_covered_display": "100"}, "missing_lines": [], "excluded_lines": [], "start_line": 93}, "ZoteroAPIClient.get_tags._fetch_tags": {"executed_lines": [95], "summary": {"covered_lines": 1, "num_statements": 3, "percent_covered": 33.333333333333336, "percent_covered_display": "33", "missing_lines": 2, "excluded_lines": 0, "percent_statements_covered": 33.333333333333336, "percent_statements_covered_display": "33"}, "missing_lines": [96, 97], "excluded_lines": [], "start_line": 94}, "ZoteroAPIClient.get_tags_for_item": {"executed_lines": [102], "summary": {"covered_lines": 1, "num_statements": 1, "percent_covered": 100.0, "percent_covered_display": "100", "missing_lines": 0, "excluded_lines": 0, "percent_statements_covered": 100.0, "percent_statements_covered_display": "100"}, "missing_lines": [], "excluded_lines": [], "start_line": 101}, "ZoteroAPIClient.search_items": {"executed_lines": [112], "summary": {"covered_lines": 1, "num_statements": 1, "percent_covered": 100.0, "percent_covered_display": "100", "missing_lines": 0, "excluded_lines": 0, "percent_statements_covered": 100.0, "percent_statements_covered_display": "100"}, "missing_lines": [], "excluded_lines": [], "start_line": 111}, "ZoteroAPIClient.get_items_by_tag": {"executed_lines": [115], "summary": {"covered_lines": 1, "num_statements": 1, "percent_covered": 100.0, "percent_covered_display": "100", "missing_lines": 0, "excluded_lines": 0, "percent_statements_covered": 100.0, "percent_statements_covered_display": "100"}, "missing_lines": [], "excluded_lines": [], "start_line": 114}, "ZoteroAPIClient.get_items_in_collection": {"executed_lines": [120, 121, 122, 123], "summary": {"covered_lines": 4, "num_statements": 4, "percent_covered": 100.0, "percent_covered_display": "100", "missing_lines": 0, "excluded_lines": 0, "percent_statements_covered": 100.0, "percent_statements_covered_display": "100"}, "missing_lines": [], "excluded_lines": [], "start_line": 117}, "ZoteroAPIClient.get_item": {"executed_lines": [126], "summary": {"covered_lines": 1, "num_statements": 1, "percent_covered": 100.0, "percent_covered_display": "100", "missing_lines": 0, "excluded_lines": 0, "percent_statements_covered": 100.0, "percent_statements_covered_display": "100"}, "missing_lines": [], "excluded_lines": [], "start_line": 125}, "ZoteroAPIClient.get_item_children": {"executed_lines": [135], "summary": {"covered_lines": 1, "num_statements": 1, "percent_covered": 100.0, "percent_covered_display": "100", "missing_lines": 0, "excluded_lines": 0, "percent_statements_covered": 100.0, "percent_statements_covered_display": "100"}, "missing_lines": [], "excluded_lines": [], "start_line": 134}, "ZoteroAPIClient.get_collection_id_by_name": {"executed_lines": [], "summary": {"covered_lines": 0, "num_statements": 5, "percent_covered": 0.0, "percent_covered_display": "0", "missing_lines": 5, "excluded_lines": 0, "percent_statements_covered": 0.0, "percent_statements_covered_display": "0"}, "missing_lines": [142, 143, 144, 145, 146], "excluded_lines": [], "start_line": 141}, "ZoteroAPIClient.create_collection": {"executed_lines": [151, 152, 155, 156, 158, 159, 160], "summary": {"covered_lines": 7, "num_statements": 9, "percent_covered": 77.77777777777777, "percent_covered_display": "78", "missing_lines": 2, "excluded_lines": 0, "percent_statements_covered": 77.77777777777777, "percent_statements_covered_display": "78"}, "missing_lines": [153, 157], "excluded_lines": [], "start_line": 150}, "ZoteroAPIClient.delete_collection": {"executed_lines": [163, 164, 165, 167], "summary": {"covered_lines": 4, "num_statements": 8, "percent_covered": 50.0, "percent_covered_display": "50", "missing_lines": 4, "excluded_lines": 0, "percent_statements_covered": 50.0, "percent_statements_covered_display": "50"}, "missing_lines": [166, 168, 169, 170], "excluded_lines": [], "start_line": 162}, "ZoteroAPIClient.rename_collection": {"executed_lines": [173, 174, 177], "summary": {"covered_lines": 3, "num_statements": 6, "percent_covered": 50.0, "percent_covered_display": "50", "missing_lines": 3, "excluded_lines": 0, "percent_statements_covered": 50.0, "percent_statements_covered_display": "50"}, "missing_lines": [178, 179, 180], "excluded_lines": [], "start_line": 172}, "ZoteroAPIClient.add_tags": {"executed_lines": [], "summary": {"covered_lines": 0, "num_statements": 9, "percent_covered": 0.0, "percent_covered_display": "0", "missing_lines": 9, "excluded_lines": 0, "percent_statements_covered": 0.0, "percent_statements_covered_display": "0"}, "missing_lines": [183, 184, 185, 186, 187, 189, 190, 191, 193], "excluded_lines": [], "start_line": 182}, "ZoteroAPIClient.delete_tags": {"executed_lines": [196, 199, 200, 201, 202, 203, 204, 205, 209], "summary": {"covered_lines": 9, "num_statements": 13, "percent_covered": 69.23076923076923, "percent_covered_display": "69", "missing_lines": 4, "excluded_lines": 0, "percent_statements_covered": 69.23076923076923, "percent_statements_covered_display": "69"}, "missing_lines": [197, 206, 207, 208], "excluded_lines": [], "start_line": 195}, "ZoteroAPIClient.create_item": {"executed_lines": [212, 213, 214, 215, 216, 222, 230, 231, 232, 235, 236, 237, 239, 240, 241, 243, 244, 246, 247, 248, 249, 250, 251], "summary": {"covered_lines": 23, "num_statements": 26, "percent_covered": 88.46153846153847, "percent_covered_display": "88", "missing_lines": 3, "excluded_lines": 0, "percent_statements_covered": 88.46153846153847, "percent_statements_covered_display": "88"}, "missing_lines": [220, 233, 242], "excluded_lines": [], "start_line": 211}, "ZoteroAPIClient.create_generic_item": {"executed_lines": [254, 255, 256], "summary": {"covered_lines": 3, "num_statements": 6, "percent_covered": 50.0, "percent_covered_display": "50", "missing_lines": 3, "excluded_lines": 0, "percent_statements_covered": 50.0, "percent_statements_covered_display": "50"}, "missing_lines": [257, 258, 259], "excluded_lines": [], "start_line": 253}, "ZoteroAPIClient.update_item": {"executed_lines": [262, 263, 264, 265, 266, 267], "summary": {"covered_lines": 6, "num_statements": 6, "percent_covered": 100.0, "percent_covered_display": "100", "missing_lines": 0, "excluded_lines": 0, "percent_statements_covered": 100.0, "percent_statements_covered_display": "100"}, "missing_lines": [], "excluded_lines": [], "start_line": 261}, "ZoteroAPIClient.create_note": {"executed_lines": [270, 271, 272, 273, 274, 275, 276], "summary": {"covered_lines": 7, "num_statements": 7, "percent_covered": 100.0, "percent_covered_display": "100", "missing_lines": 0, "excluded_lines": 0, "percent_statements_covered": 100.0, "percent_statements_covered_display": "100"}, "missing_lines": [], "excluded_lines": [], "start_line": 269}, "ZoteroAPIClient.update_note": {"executed_lines": [279, 280, 281, 287, 288, 289], "summary": {"covered_lines": 6, "num_statements": 11, "percent_covered": 54.54545454545455, "percent_covered_display": "55", "missing_lines": 5, "excluded_lines": 0, "percent_statements_covered": 54.54545454545455, "percent_statements_covered_display": "55"}, "missing_lines": [282, 283, 284, 285, 286], "excluded_lines": [], "start_line": 278}, "ZoteroAPIClient.delete_item": {"executed_lines": [292, 293, 294, 295, 296, 297, 298, 299], "summary": {"covered_lines": 8, "num_statements": 8, "percent_covered": 100.0, "percent_covered_display": "100", "missing_lines": 0, "excluded_lines": 0, "percent_statements_covered": 100.0, "percent_statements_covered_display": "100"}, "missing_lines": [], "excluded_lines": [], "start_line": 291}, "ZoteroAPIClient.update_item_metadata": {"executed_lines": [302], "summary": {"covered_lines": 1, "num_statements": 1, "percent_covered": 100.0, "percent_covered_display": "100", "missing_lines": 0, "excluded_lines": 0, "percent_statements_covered": 100.0, "percent_statements_covered_display": "100"}, "missing_lines": [], "excluded_lines": [], "start_line": 301}, "ZoteroAPIClient.upload_attachment": {"executed_lines": [307, 308, 309, 310, 312, 313, 314, 315, 316, 319, 329, 330, 331, 335, 337, 340, 343, 345, 348, 349, 350, 353, 354, 357, 358, 359, 361, 363, 364, 365], "summary": {"covered_lines": 30, "num_statements": 32, "percent_covered": 93.75, "percent_covered_display": "94", "missing_lines": 2, "excluded_lines": 0, "percent_statements_covered": 93.75, "percent_statements_covered_display": "94"}, "missing_lines": [332, 346], "excluded_lines": [], "start_line": 304}, "": {"executed_lines": [1, 2, 3, 5, 7, 8, 9, 10, 12, 15, 21, 24, 31, 40, 65, 75, 84, 93, 101, 111, 114, 117, 125, 134, 141, 150, 162, 172, 182, 195, 211, 253, 261, 269, 278, 291, 301, 304], "summary": {"covered_lines": 38, "num_statements": 38, "percent_covered": 100.0, "percent_covered_display": "100", "missing_lines": 0, "excluded_lines": 0, "percent_statements_covered": 100.0, "percent_statements_covered_display": "100"}, "missing_lines": [], "excluded_lines": [], "start_line": 1}}, "classes": {"ZoteroAPIClient": {"executed_lines": [22, 25, 26, 27, 28, 29, 32, 33, 34, 35, 41, 42, 43, 44, 45, 47, 48, 49, 50, 51, 52, 53, 54, 55, 56, 57, 58, 59, 60, 61, 66, 76, 85, 94, 95, 99, 102, 112, 115, 120, 121, 122, 123, 126, 135, 151, 152, 155, 156, 158, 159, 160, 163, 164, 165, 167, 173, 174, 177, 196, 199, 200, 201, 202, 203, 204, 205, 209, 212, 213, 214, 215, 216, 222, 230, 231, 232, 235, 236, 237, 239, 240, 241, 243, 244, 246, 247, 248, 249, 250, 251, 254, 255, 256, 262, 263, 264, 265, 266, 267, 270, 271, 272, 273, 274, 275, 276, 279, 280, 281, 287, 288, 289, 292, 293, 294, 295, 296, 297, 298, 299, 302, 307, 308, 309, 310, 312, 313, 314, 315, 316, 319, 329, 330, 331, 335, 337, 340, 343, 345, 348, 349, 350, 353, 354, 357, 358, 359, 361, 363, 364, 365], "summary": {"covered_lines": 152, "num_statements": 197, "percent_covered": 77.15736040609137, "percent_covered_display": "77", "missing_lines": 45, "excluded_lines": 0, "percent_statements_covered": 77.15736040609137, "percent_statements_covered_display": "77"}, "missing_lines": [36, 37, 38, 96, 97, 142, 143, 144, 145, 146, 153, 157, 166, 168, 169, 170, 178, 179, 180, 183, 184, 185, 186, 187, 189, 190, 191, 193, 197, 206, 207, 208, 220, 233, 242, 257, 258, 259, 282, 283, 284, 285, 286, 332, 346], "excluded_lines": [], "start_line": 15}, "": {"executed_lines": [1, 2, 3, 5, 7, 8, 9, 10, 12, 15, 21, 24, 31, 40, 65, 75, 84, 93, 101, 111, 114, 117, 125, 134, 141, 150, 162, 172, 182, 195, 211, 253, 261, 269, 278, 291, 301, 304], "summary": {"covered_lines": 38, "num_statements": 38, "percent_covered": 100.0, "percent_covered_display": "100", "missing_lines": 0, "excluded_lines": 0, "percent_statements_covered": 100.0, "percent_statements_covered_display": "100"}, "missing_lines": [], "excluded_lines": [], "start_line": 1}}}}, "totals": {"covered_lines": 2618, "num_statements": 3281, "percent_covered": 79.79274611398964, "percent_covered_display": "80", "missing_lines": 663, "excluded_lines": 6, "percent_statements_covered": 79.79274611398964, "percent_statements_covered_display": "80"}}